#
# There is insufficient memory for the Java Runtime Environment to continue.
# Native memory allocation (malloc) failed to allocate 32744 bytes for ChunkPool::allocate
# Possible reasons:
#   The system is out of physical RAM or swap space
#   The process is running with CompressedOops enabled, and the Java Heap may be blocking the growth of the native heap
# Possible solutions:
#   Reduce memory load on the system
#   Increase physical memory or swap space
#   Check if swap backing store is full
#   Decrease Java heap size (-Xmx/-Xms)
#   Decrease number of Java threads
#   Decrease Java thread stack sizes (-Xss)
#   Set larger code cache with -XX:ReservedCodeCacheSize=
#   JVM is running with Unscaled Compressed Oops mode in which the Java heap is
#     placed in the first 4GB address space. The Java Heap base address is the
#     maximum limit for the native heap growth. Please use -XX:HeapBaseMinAddress
#     to set the Java Heap base and to place the Java Heap above 4GB virtual address.
# This output file may be truncated or incomplete.
#
#  Out of Memory Error (t:/workspace/hotspot/src/share/vm/memory/allocation.cpp:256), pid=21160, tid=1236
#
# JRE version: Java(TM) SE Runtime Environment (9.0+11) (build 9.0.4+11)
# Java VM: Java HotSpot(TM) 64-Bit Server VM (9.0.4+11, mixed mode, tiered, compressed oops, g1 gc, windows-amd64)
# No core dump will be written. Minidumps are not enabled by default on client versions of Windows
#

---------------  S U M M A R Y ------------

Command Line: -agentlib:jdwp=transport=dt_socket,suspend=y,address=localhost:13608 -Dfile.encoding=MS949 jCompanyCafe.MainFrame

Host: Intel(R) Core(TM) i5-7200U CPU @ 2.50GHz, 4 cores, 7G,  Windows 10 , 64 bit Build 17134 (10.0.17134.706)
Time: Mon Jun 10 17:38:00 2019 ¢¥eCN©öI¡¾©ö C¡ÍA¨ª¨öA elapsed time: 2 seconds (0d 0h 0m 2s)

---------------  T H R E A D  ---------------

Current thread (0x000001ce3a6ef000):  JavaThread "C2 CompilerThread1" daemon [_thread_in_native, id=1236, stack(0x0000008b8e100000,0x0000008b8e200000)]


Current CompileTask:
C2:   2010 1414       4       sun.font.TrueTypeFont::initAllNames (179 bytes)

Stack: [0x0000008b8e100000,0x0000008b8e200000]
Native frames: (J=compiled Java code, j=interpreted, Vv=VM code, C=native code)
V  [jvm.dll+0x587068]

[error occurred during error reporting (printing native stack), id 0xe0000001]


---------------  P R O C E S S  ---------------

Java Threads: ( => current thread )
  0x000001ce16f10000 JavaThread "DestroyJavaVM" [_thread_blocked, id=4992, stack(0x0000008b8cf00000,0x0000008b8d000000)]
  0x000001ce3d11f000 JavaThread "AWT-EventQueue-0" [_thread_blocked, id=14904, stack(0x0000008b8f100000,0x0000008b8f200000)]
  0x000001ce3c631000 JavaThread "Image Fetcher 3" daemon [_thread_blocked, id=3332, stack(0x0000008b8f000000,0x0000008b8f100000)]
  0x000001ce3af20000 JavaThread "Image Fetcher 2" daemon [_thread_blocked, id=22092, stack(0x0000008b8ef00000,0x0000008b8f000000)]
  0x000001ce3aed0000 JavaThread "Image Fetcher 1" daemon [_thread_blocked, id=10560, stack(0x0000008b8ee00000,0x0000008b8ef00000)]
  0x000001ce3c9e0800 JavaThread "Image Fetcher 0" daemon [_thread_blocked, id=14096, stack(0x0000008b8ed00000,0x0000008b8ee00000)]
  0x000001ce3ae7b800 JavaThread "AWT-Windows" daemon [_thread_in_native, id=19256, stack(0x0000008b8ec00000,0x0000008b8ed00000)]
  0x000001ce3ae76800 JavaThread "AWT-Shutdown" [_thread_blocked, id=3588, stack(0x0000008b8eb00000,0x0000008b8ec00000)]
  0x000001ce3ae13800 JavaThread "Java2D Disposer" daemon [_thread_blocked, id=21192, stack(0x0000008b8ea00000,0x0000008b8eb00000)]
  0x000001ce3a9f9000 JavaThread "Service Thread" daemon [_thread_blocked, id=15300, stack(0x0000008b8e800000,0x0000008b8e900000)]
  0x000001ce3a9ee000 JavaThread "JDWP Command Reader" daemon [_thread_in_native, id=21780, stack(0x0000008b8e700000,0x0000008b8e800000)]
  0x000001ce3a9e3000 JavaThread "JDWP Event Helper Thread" daemon [_thread_blocked, id=21428, stack(0x0000008b8e600000,0x0000008b8e700000)]
  0x000001ce3a9df800 JavaThread "JDWP Transport Listener: dt_socket" daemon [_thread_blocked, id=11868, stack(0x0000008b8e500000,0x0000008b8e600000)]
  0x000001ce3a7fb800 JavaThread "Common-Cleaner" daemon [_thread_blocked, id=12368, stack(0x0000008b8e400000,0x0000008b8e500000)]
  0x000001ce3a760000 JavaThread "Sweeper thread" daemon [_thread_blocked, id=16768, stack(0x0000008b8e300000,0x0000008b8e400000)]
  0x000001ce3a75e800 JavaThread "C1 CompilerThread2" daemon [_thread_blocked, id=4500, stack(0x0000008b8e200000,0x0000008b8e300000)]
=>0x000001ce3a6ef000 JavaThread "C2 CompilerThread1" daemon [_thread_in_native, id=1236, stack(0x0000008b8e100000,0x0000008b8e200000)]
  0x000001ce3a758000 JavaThread "C2 CompilerThread0" daemon [_thread_blocked, id=19768, stack(0x0000008b8e000000,0x0000008b8e100000)]
  0x000001ce3a74d000 JavaThread "Attach Listener" daemon [_thread_blocked, id=7632, stack(0x0000008b8df00000,0x0000008b8e000000)]
  0x000001ce3a74c000 JavaThread "Signal Dispatcher" daemon [_thread_blocked, id=7876, stack(0x0000008b8de00000,0x0000008b8df00000)]
  0x000001ce3a6f7800 JavaThread "Finalizer" daemon [_thread_blocked, id=14192, stack(0x0000008b8dd00000,0x0000008b8de00000)]
  0x000001ce3a6f5800 JavaThread "Reference Handler" daemon [_thread_blocked, id=18636, stack(0x0000008b8dc00000,0x0000008b8dd00000)]

Other Threads:
  0x000001ce3a6e1000 VMThread "VM Thread" [stack: 0x0000008b8db00000,0x0000008b8dc00000] [id=1304]
  0x000001ce3a9fe000 WatcherThread [stack: 0x0000008b8e900000,0x0000008b8ea00000] [id=13788]
  0x000001ce16f27800 GCTaskThread "GC Thread#0" [stack: 0x0000008b8d000000,0x0000008b8d100000] [id=2008]
  0x000001ce16f28800 GCTaskThread "GC Thread#1" [stack: 0x0000008b8d100000,0x0000008b8d200000] [id=19056]
  0x000001ce16f2c000 GCTaskThread "GC Thread#2" [stack: 0x0000008b8d200000,0x0000008b8d300000] [id=20028]
  0x000001ce16f2d000 GCTaskThread "GC Thread#3" [stack: 0x0000008b8d300000,0x0000008b8d400000] [id=12768]
  0x000001ce16fae000 ConcurrentGCThread "G1 Main Marker" [stack: 0x0000008b8d900000,0x0000008b8da00000] [id=21308]
  0x000001ce16fb1000 ConcurrentGCThread "G1 Marker#0" [stack: 0x0000008b8da00000,0x0000008b8db00000] [id=19264]
  0x000001ce16f3e000 ConcurrentGCThread "G1 Refine#0" [stack: 0x0000008b8d700000,0x0000008b8d800000] [id=4964]
  0x000001ce16f3d000 ConcurrentGCThread "G1 Refine#1" [stack: 0x0000008b8d600000,0x0000008b8d700000] [id=17500]
  0x000001ce16f3b800 ConcurrentGCThread "G1 Refine#2" [stack: 0x0000008b8d500000,0x0000008b8d600000] [id=20604]
  0x000001ce16f3a000 ConcurrentGCThread "G1 Refine#3" [stack: 0x0000008b8d400000,0x0000008b8d500000] [id=10496]
  0x000001ce16f41800 ConcurrentGCThread "G1 Young RemSet Sampling" [stack: 0x0000008b8d800000,0x0000008b8d900000] [id=18344]

Threads with active compile tasks:
C2 CompilerThread11414       4       sun.font.TrueTypeFont::initAllNames (179 bytes)

VM state:not at safepoint (normal execution)

VM Mutex/Monitor currently owned by a thread: None

Heap address: 0x0000000081600000, size: 2026 MB, Compressed Oops mode: 32-bit
Narrow klass base: 0x0000000000000000, Narrow klass shift: 3
Compressed class space size: 1073741824 Address: 0x0000000100000000

Heap:
 garbage-first heap   total 131072K, used 18157K [0x0000000081600000, 0x0000000081700400, 0x0000000100000000)
  region size 1024K, 10 young (10240K), 1 survivors (1024K)
 Metaspace       used 16721K, capacity 17704K, committed 17920K, reserved 1064960K
  class space    used 1812K, capacity 2026K, committed 2048K, reserved 1048576K
Heap Regions: E=young(eden), S=young(survivor), O=old, HS=humongous(starts), HC=humongous(continues), CS=collection set, F=free, A=archive, TS=gc time stamp, AC=allocation context, TAMS=top-at-mark-start (previous, next)
|   0|0x0000000081600000, 0x0000000081700000, 0x0000000081700000|100%| O|  |TS  3|AC  0|TAMS 0x0000000081600000, 0x0000000081600000|
|   1|0x0000000081700000, 0x0000000081800000, 0x0000000081800000|100%| O|  |TS  1|AC  0|TAMS 0x0000000081700000, 0x0000000081700000|
|   2|0x0000000081800000, 0x0000000081900000, 0x0000000081900000|100%| O|  |TS  3|AC  0|TAMS 0x0000000081800000, 0x0000000081800000|
|   3|0x0000000081900000, 0x00000000819f6e00, 0x0000000081a00000| 96%| O|  |TS  3|AC  0|TAMS 0x0000000081900000, 0x0000000081900000|
|   4|0x0000000081a00000, 0x0000000081b00000, 0x0000000081b00000|100%|HS|  |TS  0|AC  0|TAMS 0x0000000081a00000, 0x0000000081a00000|
|   5|0x0000000081b00000, 0x0000000081c00000, 0x0000000081c00000|100%|HC|  |TS  0|AC  0|TAMS 0x0000000081b00000, 0x0000000081b00000|
|   6|0x0000000081c00000, 0x0000000081d00000, 0x0000000081d00000|100%|HC|  |TS  0|AC  0|TAMS 0x0000000081c00000, 0x0000000081c00000|
|   7|0x0000000081d00000, 0x0000000081e00000, 0x0000000081e00000|100%|HC|  |TS  0|AC  0|TAMS 0x0000000081d00000, 0x0000000081d00000|
|   8|0x0000000081e00000, 0x0000000081f00000, 0x0000000081f00000|100%|HC|  |TS  0|AC  0|TAMS 0x0000000081e00000, 0x0000000081e00000|
|   9|0x0000000081f00000, 0x0000000081f00000, 0x0000000082000000|  0%| F|  |TS  0|AC  0|TAMS 0x0000000081f00000, 0x0000000081f00000|
|  10|0x0000000082000000, 0x0000000082000000, 0x0000000082100000|  0%| F|  |TS  0|AC  0|TAMS 0x0000000082000000, 0x0000000082000000|
|  11|0x0000000082100000, 0x0000000082100000, 0x0000000082200000|  0%| F|  |TS  0|AC  0|TAMS 0x0000000082100000, 0x0000000082100000|
|  12|0x0000000082200000, 0x0000000082200000, 0x0000000082300000|  0%| F|  |TS  0|AC  0|TAMS 0x0000000082200000, 0x0000000082200000|
|  13|0x0000000082300000, 0x0000000082300000, 0x0000000082400000|  0%| F|  |TS  0|AC  0|TAMS 0x0000000082300000, 0x0000000082300000|
|  14|0x0000000082400000, 0x0000000082400000, 0x0000000082500000|  0%| F|  |TS  0|AC  0|TAMS 0x0000000082400000, 0x0000000082400000|
|  15|0x0000000082500000, 0x0000000082500000, 0x0000000082600000|  0%| F|  |TS  0|AC  0|TAMS 0x0000000082500000, 0x0000000082500000|
|  16|0x0000000082600000, 0x0000000082600000, 0x0000000082700000|  0%| F|  |TS  0|AC  0|TAMS 0x0000000082600000, 0x0000000082600000|
|  17|0x0000000082700000, 0x0000000082700000, 0x0000000082800000|  0%| F|  |TS  0|AC  0|TAMS 0x0000000082700000, 0x0000000082700000|
|  18|0x0000000082800000, 0x0000000082800000, 0x0000000082900000|  0%| F|  |TS  0|AC  0|TAMS 0x0000000082800000, 0x0000000082800000|
|  19|0x0000000082900000, 0x0000000082900000, 0x0000000082a00000|  0%| F|  |TS  0|AC  0|TAMS 0x0000000082900000, 0x0000000082900000|
|  20|0x0000000082a00000, 0x0000000082a00000, 0x0000000082b00000|  0%| F|  |TS  0|AC  0|TAMS 0x0000000082a00000, 0x0000000082a00000|
|  21|0x0000000082b00000, 0x0000000082b00000, 0x0000000082c00000|  0%| F|  |TS  0|AC  0|TAMS 0x0000000082b00000, 0x0000000082b00000|
|  22|0x0000000082c00000, 0x0000000082c00000, 0x0000000082d00000|  0%| F|  |TS  0|AC  0|TAMS 0x0000000082c00000, 0x0000000082c00000|
|  23|0x0000000082d00000, 0x0000000082d00000, 0x0000000082e00000|  0%| F|  |TS  0|AC  0|TAMS 0x0000000082d00000, 0x0000000082d00000|
|  24|0x0000000082e00000, 0x0000000082e00000, 0x0000000082f00000|  0%| F|  |TS  0|AC  0|TAMS 0x0000000082e00000, 0x0000000082e00000|
|  25|0x0000000082f00000, 0x0000000082f00000, 0x0000000083000000|  0%| F|  |TS  0|AC  0|TAMS 0x0000000082f00000, 0x0000000082f00000|
|  26|0x0000000083000000, 0x0000000083000000, 0x0000000083100000|  0%| F|  |TS  0|AC  0|TAMS 0x0000000083000000, 0x0000000083000000|
|  27|0x0000000083100000, 0x0000000083100000, 0x0000000083200000|  0%| F|  |TS  0|AC  0|TAMS 0x0000000083100000, 0x0000000083100000|
|  28|0x0000000083200000, 0x0000000083200000, 0x0000000083300000|  0%| F|  |TS  0|AC  0|TAMS 0x0000000083200000, 0x0000000083200000|
|  29|0x0000000083300000, 0x0000000083300000, 0x0000000083400000|  0%| F|  |TS  0|AC  0|TAMS 0x0000000083300000, 0x0000000083300000|
|  30|0x0000000083400000, 0x0000000083400000, 0x0000000083500000|  0%| F|  |TS  0|AC  0|TAMS 0x0000000083400000, 0x0000000083400000|
|  31|0x0000000083500000, 0x0000000083500000, 0x0000000083600000|  0%| F|  |TS  0|AC  0|TAMS 0x0000000083500000, 0x0000000083500000|
|  32|0x0000000083600000, 0x0000000083600000, 0x0000000083700000|  0%| F|  |TS  0|AC  0|TAMS 0x0000000083600000, 0x0000000083600000|
|  33|0x0000000083700000, 0x0000000083700000, 0x0000000083800000|  0%| F|  |TS  0|AC  0|TAMS 0x0000000083700000, 0x0000000083700000|
|  34|0x0000000083800000, 0x0000000083800000, 0x0000000083900000|  0%| F|  |TS  0|AC  0|TAMS 0x0000000083800000, 0x0000000083800000|
|  35|0x0000000083900000, 0x0000000083900000, 0x0000000083a00000|  0%| F|  |TS  0|AC  0|TAMS 0x0000000083900000, 0x0000000083900000|
|  36|0x0000000083a00000, 0x0000000083a00000, 0x0000000083b00000|  0%| F|  |TS  0|AC  0|TAMS 0x0000000083a00000, 0x0000000083a00000|
|  37|0x0000000083b00000, 0x0000000083b00000, 0x0000000083c00000|  0%| F|  |TS  0|AC  0|TAMS 0x0000000083b00000, 0x0000000083b00000|
|  38|0x0000000083c00000, 0x0000000083c00000, 0x0000000083d00000|  0%| F|  |TS  0|AC  0|TAMS 0x0000000083c00000, 0x0000000083c00000|
|  39|0x0000000083d00000, 0x0000000083d00000, 0x0000000083e00000|  0%| F|  |TS  0|AC  0|TAMS 0x0000000083d00000, 0x0000000083d00000|
|  40|0x0000000083e00000, 0x0000000083e00000, 0x0000000083f00000|  0%| F|  |TS  0|AC  0|TAMS 0x0000000083e00000, 0x0000000083e00000|
|  41|0x0000000083f00000, 0x0000000083f00000, 0x0000000084000000|  0%| F|  |TS  0|AC  0|TAMS 0x0000000083f00000, 0x0000000083f00000|
|  42|0x0000000084000000, 0x0000000084000000, 0x0000000084100000|  0%| F|  |TS  0|AC  0|TAMS 0x0000000084000000, 0x0000000084000000|
|  43|0x0000000084100000, 0x0000000084100000, 0x0000000084200000|  0%| F|  |TS  0|AC  0|TAMS 0x0000000084100000, 0x0000000084100000|
|  44|0x0000000084200000, 0x0000000084200000, 0x0000000084300000|  0%| F|  |TS  0|AC  0|TAMS 0x0000000084200000, 0x0000000084200000|
|  45|0x0000000084300000, 0x0000000084300000, 0x0000000084400000|  0%| F|  |TS  0|AC  0|TAMS 0x0000000084300000, 0x0000000084300000|
|  46|0x0000000084400000, 0x0000000084400000, 0x0000000084500000|  0%| F|  |TS  0|AC  0|TAMS 0x0000000084400000, 0x0000000084400000|
|  47|0x0000000084500000, 0x0000000084500000, 0x0000000084600000|  0%| F|  |TS  0|AC  0|TAMS 0x0000000084500000, 0x0000000084500000|
|  48|0x0000000084600000, 0x0000000084600000, 0x0000000084700000|  0%| F|  |TS  0|AC  0|TAMS 0x0000000084600000, 0x0000000084600000|
|  49|0x0000000084700000, 0x0000000084700000, 0x0000000084800000|  0%| F|  |TS  0|AC  0|TAMS 0x0000000084700000, 0x0000000084700000|
|  50|0x0000000084800000, 0x0000000084800000, 0x0000000084900000|  0%| F|  |TS  0|AC  0|TAMS 0x0000000084800000, 0x0000000084800000|
|  51|0x0000000084900000, 0x0000000084900000, 0x0000000084a00000|  0%| F|  |TS  0|AC  0|TAMS 0x0000000084900000, 0x0000000084900000|
|  52|0x0000000084a00000, 0x0000000084a00000, 0x0000000084b00000|  0%| F|  |TS  0|AC  0|TAMS 0x0000000084a00000, 0x0000000084a00000|
|  53|0x0000000084b00000, 0x0000000084b00000, 0x0000000084c00000|  0%| F|  |TS  0|AC  0|TAMS 0x0000000084b00000, 0x0000000084b00000|
|  54|0x0000000084c00000, 0x0000000084c00000, 0x0000000084d00000|  0%| F|  |TS  0|AC  0|TAMS 0x0000000084c00000, 0x0000000084c00000|
|  55|0x0000000084d00000, 0x0000000084d00000, 0x0000000084e00000|  0%| F|  |TS  0|AC  0|TAMS 0x0000000084d00000, 0x0000000084d00000|
|  56|0x0000000084e00000, 0x0000000084e00000, 0x0000000084f00000|  0%| F|  |TS  0|AC  0|TAMS 0x0000000084e00000, 0x0000000084e00000|
|  57|0x0000000084f00000, 0x0000000084f00000, 0x0000000085000000|  0%| F|  |TS  0|AC  0|TAMS 0x0000000084f00000, 0x0000000084f00000|
|  58|0x0000000085000000, 0x0000000085000000, 0x0000000085100000|  0%| F|  |TS  0|AC  0|TAMS 0x0000000085000000, 0x0000000085000000|
|  59|0x0000000085100000, 0x0000000085100000, 0x0000000085200000|  0%| F|  |TS  0|AC  0|TAMS 0x0000000085100000, 0x0000000085100000|
|  60|0x0000000085200000, 0x0000000085200000, 0x0000000085300000|  0%| F|  |TS  0|AC  0|TAMS 0x0000000085200000, 0x0000000085200000|
|  61|0x0000000085300000, 0x0000000085300000, 0x0000000085400000|  0%| F|  |TS  0|AC  0|TAMS 0x0000000085300000, 0x0000000085300000|
|  62|0x0000000085400000, 0x0000000085400000, 0x0000000085500000|  0%| F|  |TS  0|AC  0|TAMS 0x0000000085400000, 0x0000000085400000|
|  63|0x0000000085500000, 0x0000000085500000, 0x0000000085600000|  0%| F|  |TS  0|AC  0|TAMS 0x0000000085500000, 0x0000000085500000|
|  64|0x0000000085600000, 0x0000000085600000, 0x0000000085700000|  0%| F|  |TS  0|AC  0|TAMS 0x0000000085600000, 0x0000000085600000|
|  65|0x0000000085700000, 0x0000000085700000, 0x0000000085800000|  0%| F|  |TS  0|AC  0|TAMS 0x0000000085700000, 0x0000000085700000|
|  66|0x0000000085800000, 0x0000000085800000, 0x0000000085900000|  0%| F|  |TS  0|AC  0|TAMS 0x0000000085800000, 0x0000000085800000|
|  67|0x0000000085900000, 0x0000000085900000, 0x0000000085a00000|  0%| F|  |TS  0|AC  0|TAMS 0x0000000085900000, 0x0000000085900000|
|  68|0x0000000085a00000, 0x0000000085a00000, 0x0000000085b00000|  0%| F|  |TS  0|AC  0|TAMS 0x0000000085a00000, 0x0000000085a00000|
|  69|0x0000000085b00000, 0x0000000085b00000, 0x0000000085c00000|  0%| F|  |TS  0|AC  0|TAMS 0x0000000085b00000, 0x0000000085b00000|
|  70|0x0000000085c00000, 0x0000000085c00000, 0x0000000085d00000|  0%| F|  |TS  0|AC  0|TAMS 0x0000000085c00000, 0x0000000085c00000|
|  71|0x0000000085d00000, 0x0000000085d00000, 0x0000000085e00000|  0%| F|  |TS  0|AC  0|TAMS 0x0000000085d00000, 0x0000000085d00000|
|  72|0x0000000085e00000, 0x0000000085e00000, 0x0000000085f00000|  0%| F|  |TS  0|AC  0|TAMS 0x0000000085e00000, 0x0000000085e00000|
|  73|0x0000000085f00000, 0x0000000085f00000, 0x0000000086000000|  0%| F|  |TS  0|AC  0|TAMS 0x0000000085f00000, 0x0000000085f00000|
|  74|0x0000000086000000, 0x0000000086000000, 0x0000000086100000|  0%| F|  |TS  0|AC  0|TAMS 0x0000000086000000, 0x0000000086000000|
|  75|0x0000000086100000, 0x0000000086100000, 0x0000000086200000|  0%| F|  |TS  0|AC  0|TAMS 0x0000000086100000, 0x0000000086100000|
|  76|0x0000000086200000, 0x0000000086200000, 0x0000000086300000|  0%| F|  |TS  0|AC  0|TAMS 0x0000000086200000, 0x0000000086200000|
|  77|0x0000000086300000, 0x0000000086300000, 0x0000000086400000|  0%| F|  |TS  0|AC  0|TAMS 0x0000000086300000, 0x0000000086300000|
|  78|0x0000000086400000, 0x0000000086400000, 0x0000000086500000|  0%| F|  |TS  0|AC  0|TAMS 0x0000000086400000, 0x0000000086400000|
|  79|0x0000000086500000, 0x0000000086500000, 0x0000000086600000|  0%| F|  |TS  0|AC  0|TAMS 0x0000000086500000, 0x0000000086500000|
|  80|0x0000000086600000, 0x0000000086600000, 0x0000000086700000|  0%| F|  |TS  0|AC  0|TAMS 0x0000000086600000, 0x0000000086600000|
|  81|0x0000000086700000, 0x0000000086700000, 0x0000000086800000|  0%| F|  |TS  0|AC  0|TAMS 0x0000000086700000, 0x0000000086700000|
|  82|0x0000000086800000, 0x0000000086800000, 0x0000000086900000|  0%| F|  |TS  0|AC  0|TAMS 0x0000000086800000, 0x0000000086800000|
|  83|0x0000000086900000, 0x0000000086900000, 0x0000000086a00000|  0%| F|  |TS  0|AC  0|TAMS 0x0000000086900000, 0x0000000086900000|
|  84|0x0000000086a00000, 0x0000000086a00000, 0x0000000086b00000|  0%| F|  |TS  0|AC  0|TAMS 0x0000000086a00000, 0x0000000086a00000|
|  85|0x0000000086b00000, 0x0000000086b00000, 0x0000000086c00000|  0%| F|  |TS  0|AC  0|TAMS 0x0000000086b00000, 0x0000000086b00000|
|  86|0x0000000086c00000, 0x0000000086c00000, 0x0000000086d00000|  0%| F|  |TS  0|AC  0|TAMS 0x0000000086c00000, 0x0000000086c00000|
|  87|0x0000000086d00000, 0x0000000086d00000, 0x0000000086e00000|  0%| F|  |TS  0|AC  0|TAMS 0x0000000086d00000, 0x0000000086d00000|
|  88|0x0000000086e00000, 0x0000000086e00000, 0x0000000086f00000|  0%| F|  |TS  0|AC  0|TAMS 0x0000000086e00000, 0x0000000086e00000|
|  89|0x0000000086f00000, 0x0000000086f00000, 0x0000000087000000|  0%| F|  |TS  0|AC  0|TAMS 0x0000000086f00000, 0x0000000086f00000|
|  90|0x0000000087000000, 0x0000000087000000, 0x0000000087100000|  0%| F|  |TS  0|AC  0|TAMS 0x0000000087000000, 0x0000000087000000|
|  91|0x0000000087100000, 0x0000000087100000, 0x0000000087200000|  0%| F|  |TS  0|AC  0|TAMS 0x0000000087100000, 0x0000000087100000|
|  92|0x0000000087200000, 0x0000000087200000, 0x0000000087300000|  0%| F|  |TS  0|AC  0|TAMS 0x0000000087200000, 0x0000000087200000|
|  93|0x0000000087300000, 0x0000000087300000, 0x0000000087400000|  0%| F|  |TS  0|AC  0|TAMS 0x0000000087300000, 0x0000000087300000|
|  94|0x0000000087400000, 0x0000000087400000, 0x0000000087500000|  0%| F|  |TS  0|AC  0|TAMS 0x0000000087400000, 0x0000000087400000|
|  95|0x0000000087500000, 0x0000000087500000, 0x0000000087600000|  0%| F|  |TS  0|AC  0|TAMS 0x0000000087500000, 0x0000000087500000|
|  96|0x0000000087600000, 0x0000000087600000, 0x0000000087700000|  0%| F|  |TS  0|AC  0|TAMS 0x0000000087600000, 0x0000000087600000|
|  97|0x0000000087700000, 0x0000000087700000, 0x0000000087800000|  0%| F|  |TS  0|AC  0|TAMS 0x0000000087700000, 0x0000000087700000|
|  98|0x0000000087800000, 0x0000000087800000, 0x0000000087900000|  0%| F|  |TS  0|AC  0|TAMS 0x0000000087800000, 0x0000000087800000|
|  99|0x0000000087900000, 0x0000000087900000, 0x0000000087a00000|  0%| F|  |TS  0|AC  0|TAMS 0x0000000087900000, 0x0000000087900000|
| 100|0x0000000087a00000, 0x0000000087a00000, 0x0000000087b00000|  0%| F|  |TS  0|AC  0|TAMS 0x0000000087a00000, 0x0000000087a00000|
| 101|0x0000000087b00000, 0x0000000087b00000, 0x0000000087c00000|  0%| F|  |TS  0|AC  0|TAMS 0x0000000087b00000, 0x0000000087b00000|
| 102|0x0000000087c00000, 0x0000000087c00000, 0x0000000087d00000|  0%| F|  |TS  0|AC  0|TAMS 0x0000000087c00000, 0x0000000087c00000|
| 103|0x0000000087d00000, 0x0000000087d00000, 0x0000000087e00000|  0%| F|  |TS  0|AC  0|TAMS 0x0000000087d00000, 0x0000000087d00000|
| 104|0x0000000087e00000, 0x0000000087e00000, 0x0000000087f00000|  0%| F|  |TS  0|AC  0|TAMS 0x0000000087e00000, 0x0000000087e00000|
| 105|0x0000000087f00000, 0x0000000087f00000, 0x0000000088000000|  0%| F|  |TS  0|AC  0|TAMS 0x0000000087f00000, 0x0000000087f00000|
| 106|0x0000000088000000, 0x0000000088000000, 0x0000000088100000|  0%| F|  |TS  0|AC  0|TAMS 0x0000000088000000, 0x0000000088000000|
| 107|0x0000000088100000, 0x0000000088100000, 0x0000000088200000|  0%| F|  |TS  0|AC  0|TAMS 0x0000000088100000, 0x0000000088100000|
| 108|0x0000000088200000, 0x0000000088200000, 0x0000000088300000|  0%| F|  |TS  0|AC  0|TAMS 0x0000000088200000, 0x0000000088200000|
| 109|0x0000000088300000, 0x0000000088300000, 0x0000000088400000|  0%| F|  |TS  0|AC  0|TAMS 0x0000000088300000, 0x0000000088300000|
| 110|0x0000000088400000, 0x0000000088400000, 0x0000000088500000|  0%| F|  |TS  0|AC  0|TAMS 0x0000000088400000, 0x0000000088400000|
| 111|0x0000000088500000, 0x0000000088500000, 0x0000000088600000|  0%| F|  |TS  0|AC  0|TAMS 0x0000000088500000, 0x0000000088500000|
| 112|0x0000000088600000, 0x0000000088600000, 0x0000000088700000|  0%| F|  |TS  3|AC  0|TAMS 0x0000000088600000, 0x0000000088600000|
| 113|0x0000000088700000, 0x0000000088700000, 0x0000000088800000|  0%| F|  |TS  3|AC  0|TAMS 0x0000000088700000, 0x0000000088700000|
| 114|0x0000000088800000, 0x0000000088800000, 0x0000000088900000|  0%| F|  |TS  1|AC  0|TAMS 0x0000000088800000, 0x0000000088800000|
| 115|0x0000000088900000, 0x0000000088900000, 0x0000000088a00000|  0%| F|  |TS  1|AC  0|TAMS 0x0000000088900000, 0x0000000088900000|
| 116|0x0000000088a00000, 0x0000000088a00000, 0x0000000088b00000|  0%| F|  |TS  1|AC  0|TAMS 0x0000000088a00000, 0x0000000088a00000|
| 117|0x0000000088b00000, 0x0000000088b00000, 0x0000000088c00000|  0%| F|  |TS  1|AC  0|TAMS 0x0000000088b00000, 0x0000000088b00000|
| 118|0x0000000088c00000, 0x0000000088cedd88, 0x0000000088d00000| 92%| E|  |TS  1|AC  0|TAMS 0x0000000088c00000, 0x0000000088c00000|
| 119|0x0000000088d00000, 0x0000000088e00000, 0x0000000088e00000|100%| E|CS|TS  1|AC  0|TAMS 0x0000000088d00000, 0x0000000088d00000|
| 120|0x0000000088e00000, 0x0000000088f00000, 0x0000000088f00000|100%| E|CS|TS  1|AC  0|TAMS 0x0000000088e00000, 0x0000000088e00000|
| 121|0x0000000088f00000, 0x0000000089000000, 0x0000000089000000|100%| E|CS|TS  1|AC  0|TAMS 0x0000000088f00000, 0x0000000088f00000|
| 122|0x0000000089000000, 0x0000000089100000, 0x0000000089100000|100%| E|CS|TS  1|AC  0|TAMS 0x0000000089000000, 0x0000000089000000|
| 123|0x0000000089100000, 0x00000000891c46f8, 0x0000000089200000| 76%| S|CS|TS  3|AC  0|TAMS 0x0000000089100000, 0x0000000089100000|
| 124|0x0000000089200000, 0x0000000089300000, 0x0000000089300000|100%| E|CS|TS  3|AC  0|TAMS 0x0000000089200000, 0x0000000089200000|
| 125|0x0000000089300000, 0x0000000089400000, 0x0000000089400000|100%| E|CS|TS  3|AC  0|TAMS 0x0000000089300000, 0x0000000089300000|
| 126|0x0000000089400000, 0x0000000089500000, 0x0000000089500000|100%| E|CS|TS  3|AC  0|TAMS 0x0000000089400000, 0x0000000089400000|
| 127|0x0000000089500000, 0x0000000089600000, 0x0000000089600000|100%| E|CS|TS  3|AC  0|TAMS 0x0000000089500000, 0x0000000089500000|

Card table byte_map: [0x000001ce330e0000,0x000001ce334e0000] byte_map_base: 0x000001ce32cd5000

Marking Bits (Prev, Next): (CMBitMap*) 0x000001ce16fad430, (CMBitMap*) 0x000001ce16fad468
 Prev Bits: [0x000001ce338e0000, 0x000001ce35888000)
 Next Bits: [0x000001ce35890000, 0x000001ce37838000)

Polling page: 0x000001ce170a0000

CodeHeap 'non-profiled nmethods': size=120064Kb used=719Kb max_used=719Kb free=119344Kb
 bounds [0x000001ce2ad70000, 0x000001ce2afe0000, 0x000001ce322b0000]
CodeHeap 'profiled nmethods': size=120000Kb used=3417Kb max_used=3417Kb free=116582Kb
 bounds [0x000001ce23840000, 0x000001ce23ba0000, 0x000001ce2ad70000]
CodeHeap 'non-nmethods': size=5696Kb used=1371Kb max_used=1383Kb free=4324Kb
 bounds [0x000001ce232b0000, 0x000001ce23520000, 0x000001ce23840000]
 total_blobs=2689 nmethods=1762 adapters=515
 compilation: enabled

Compilation events (10 events):
Event: 1.934 Thread 0x000001ce3a75e800 1756       3       java.util.IdentityHashMap::isEmpty (13 bytes)
Event: 1.934 Thread 0x000001ce3a75e800 nmethod 1756 0x000001ce23b93010 code [0x000001ce23b931c0, 0x000001ce23b93378]
Event: 1.948 Thread 0x000001ce3a75e800 1757   !   3       sun.awt.AWTAutoShutdown::setToolkitBusy (124 bytes)
Event: 1.950 Thread 0x000001ce3a75e800 nmethod 1757 0x000001ce23b93410 code [0x000001ce23b93640, 0x000001ce23b93f10]
Event: 1.966 Thread 0x000001ce3a75e800 1758       3       java.awt.Container::findComponentAtImpl (161 bytes)
Event: 1.967 Thread 0x000001ce3a75e800 nmethod 1758 0x000001ce23b94210 code [0x000001ce23b94480, 0x000001ce23b95110]
Event: 1.985 Thread 0x000001ce3a75e800 1759       3       java.awt.Component::getCursor_NoClientCode (30 bytes)
Event: 1.985 Thread 0x000001ce3a75e800 nmethod 1759 0x000001ce23b95490 code [0x000001ce23b95680, 0x000001ce23b95b10]
Event: 1.989 Thread 0x000001ce3a75e800 1761       3       java.security.AccessControlContext::calculateFields (89 bytes)
Event: 1.989 Thread 0x000001ce3a75e800 nmethod 1761 0x000001ce23b95c90 code [0x000001ce23b95e80, 0x000001ce23b96320]

GC Heap History (4 events):
Event: 1.195 GC heap before
{Heap before GC invocations=0 (full 0):
 garbage-first heap   total 131072K, used 15360K [0x0000000081600000, 0x0000000081700400, 0x0000000100000000)
  region size 1024K, 14 young (14336K), 0 survivors (0K)
 Metaspace       used 14251K, capacity 15288K, committed 15360K, reserved 1062912K
  class space    used 1534K, capacity 1761K, committed 1792K, reserved 1048576K
}
Event: 1.201 GC heap after
{Heap after GC invocations=1 (full 0):
 garbage-first heap   total 131072K, used 3990K [0x0000000081600000, 0x0000000081700400, 0x0000000100000000)
  region size 1024K, 2 young (2048K), 2 survivors (2048K)
 Metaspace       used 14251K, capacity 15288K, committed 15360K, reserved 1062912K
  class space    used 1534K, capacity 1761K, committed 1792K, reserved 1048576K
}
Event: 1.339 GC heap before
{Heap before GC invocations=1 (full 0):
 garbage-first heap   total 131072K, used 8086K [0x0000000081600000, 0x0000000081700400, 0x0000000100000000)
  region size 1024K, 6 young (6144K), 2 survivors (2048K)
 Metaspace       used 14448K, capacity 15482K, committed 15616K, reserved 1062912K
  class space    used 1537K, capacity 1763K, committed 1792K, reserved 1048576K
}
Event: 1.344 GC heap after
{Heap after GC invocations=2 (full 0):
 garbage-first heap   total 131072K, used 4845K [0x0000000081600000, 0x0000000081700400, 0x0000000100000000)
  region size 1024K, 1 young (1024K), 1 survivors (1024K)
 Metaspace       used 14448K, capacity 15482K, committed 15616K, reserved 1062912K
  class space    used 1537K, capacity 1763K, committed 1792K, reserved 1048576K
}

Deoptimization events (10 events):
Event: 1.467 Thread 0x000001ce16f10000 Uncommon trap: reason=unstable_if action=reinterpret pc=0x000001ce2adfd610 method=sun.font.TrueTypeFont.getDirectoryEntry(I)Lsun/font/TrueTypeFont$DirectoryEntry; @ 7 c2
Event: 1.580 Thread 0x000001ce16f10000 Uncommon trap: reason=class_check action=maybe_recompile pc=0x000001ce2adf99c4 method=java.util.HashMap.getNode(ILjava/lang/Object;)Ljava/util/HashMap$Node; @ 59 c2
Event: 1.580 Thread 0x000001ce16f10000 Uncommon trap: reason=class_check action=maybe_recompile pc=0x000001ce2adf99c4 method=java.util.HashMap.getNode(ILjava/lang/Object;)Ljava/util/HashMap$Node; @ 59 c2
Event: 1.583 Thread 0x000001ce16f10000 Uncommon trap: reason=class_check action=maybe_recompile pc=0x000001ce2adf99c4 method=java.util.HashMap.getNode(ILjava/lang/Object;)Ljava/util/HashMap$Node; @ 59 c2
Event: 1.590 Thread 0x000001ce16f10000 Uncommon trap: reason=class_check action=maybe_recompile pc=0x000001ce2adf9a2c method=java.util.HashMap.getNode(ILjava/lang/Object;)Ljava/util/HashMap$Node; @ 126 c2
Event: 1.590 Thread 0x000001ce16f10000 Uncommon trap: reason=class_check action=maybe_recompile pc=0x000001ce2adf9a2c method=java.util.HashMap.getNode(ILjava/lang/Object;)Ljava/util/HashMap$Node; @ 126 c2
Event: 1.590 Thread 0x000001ce16f10000 Uncommon trap: reason=class_check action=maybe_recompile pc=0x000001ce2adbe810 method=java.util.HashMap.getNode(ILjava/lang/Object;)Ljava/util/HashMap$Node; @ 126 c2
Event: 1.590 Thread 0x000001ce16f10000 Uncommon trap: reason=unstable_if action=reinterpret pc=0x000001ce2ad7a72c method=java.util.HashMap.hash(Ljava/lang/Object;)I @ 1 c2
Event: 1.749 Thread 0x000001ce3d11f000 Uncommon trap: reason=unstable_if action=reinterpret pc=0x000001ce2ae11258 method=sun.nio.ch.Util$BufferCache.get(I)Ljava/nio/ByteBuffer; @ 25 c2
Event: 1.777 Thread 0x000001ce3d11f000 Uncommon trap: reason=unstable_if action=reinterpret pc=0x000001ce2adfb34c method=java.lang.ThreadLocal$ThreadLocalMap.getEntry(Ljava/lang/ThreadLocal;)Ljava/lang/ThreadLocal$ThreadLocalMap$Entry; @ 21 c2

Classes redefined (0 events):
No events

Internal exceptions (10 events):
Event: 0.967 Thread 0x000001ce16f10000 Exception <a 'java/lang/NoSuchMethodError'{0x0000000088a088d0}: java.lang.invoke.DirectMethodHandle$Holder.invokeStatic(Ljava/lang/Object;Ljava/lang/Object;Ljava/lang/Object;Ljava/lang/Object;Ljava/lang/Object;Ljava/lang/Object;Ljava/lang/Object;Ljava/lan
Event: 0.970 Thread 0x000001ce16f10000 Exception <a 'java/lang/NoSuchMethodError'{0x0000000088a292c8}: java.lang.invoke.DirectMethodHandle$Holder.invokeStatic(Ljava/lang/Object;Ljava/lang/Object;Ljava/lang/Object;Ljava/lang/Object;Ljava/lang/Object;Ljava/lang/Object;Ljava/lang/Object;Ljava/lan
Event: 0.997 Thread 0x000001ce16f10000 Exception <a 'java/lang/NoSuchMethodError'{0x0000000088aef778}: java.lang.invoke.DirectMethodHandle$Holder.invokeSpecial(Ljava/lang/Object;Ljava/lang/Object;IILjava/lang/Object;Ljava/lang/Object;Ljava/lang/Object;Ljava/lang/Object;)Ljava/lang/Object;> (0x
Event: 0.998 Thread 0x000001ce16f10000 Exception <a 'java/lang/NoSuchMethodError'{0x0000000088af2f80}: java.lang.invoke.DelegatingMethodHandle$Holder.reinvoke_L(Ljava/lang/Object;IILjava/lang/Object;Ljava/lang/Object;Ljava/lang/Object;Ljava/lang/Object;)Ljava/lang/Object;> (0x0000000088af2f80)
Event: 1.005 Thread 0x000001ce16f10000 Exception <a 'java/lang/NoSuchMethodError'{0x000000008892a680}: java.lang.invoke.DirectMethodHandle$Holder.invokeStatic(Ljava/lang/Object;Ljava/lang/Object;Ljava/lang/Object;Ljava/lang/Object;Ljava/lang/Object;Ljava/lang/Object;Ljava/lang/Object;Ljava/lan
Event: 1.010 Thread 0x000001ce16f10000 Exception <a 'java/lang/NoSuchMethodError'{0x00000000889471f0}: method resolution failed> (0x00000000889471f0) thrown at [t:/workspace/hotspot/src/share/vm/prims/methodHandles.cpp, line 1256]
Event: 1.024 Thread 0x000001ce16f10000 Exception <a 'java/lang/NoSuchMethodError'{0x00000000889656b8}: method resolution failed> (0x00000000889656b8) thrown at [t:/workspace/hotspot/src/share/vm/prims/methodHandles.cpp, line 1256]
Event: 1.031 Thread 0x000001ce16f10000 Exception <a 'java/lang/NoSuchMethodError'{0x0000000088984df8}: method resolution failed> (0x0000000088984df8) thrown at [t:/workspace/hotspot/src/share/vm/prims/methodHandles.cpp, line 1256]
Event: 1.590 Thread 0x000001ce16f10000 Implicit null exception at 0x000001ce2ad7a6af to 0x000001ce2ad7a71d
Event: 1.777 Thread 0x000001ce3d11f000 Implicit null exception at 0x000001ce2adfb1ae to 0x000001ce2adfb31d

Events (10 events):
Event: 1.807 loading class java/awt/LightweightDispatcher$1
Event: 1.807 loading class java/awt/LightweightDispatcher$1 done
Event: 1.807 loading class java/awt/event/AWTEventListenerProxy
Event: 1.807 loading class java/awt/event/AWTEventListenerProxy done
Event: 1.807 loading class java/awt/Toolkit$SelectiveAWTEventListener
Event: 1.807 loading class java/awt/Toolkit$SelectiveAWTEventListener done
Event: 1.808 loading class java/awt/Toolkit$ToolkitEventMulticaster
Event: 1.808 loading class java/awt/Toolkit$ToolkitEventMulticaster done
Event: 1.808 loading class java/awt/event/MouseWheelEvent
Event: 1.808 loading class java/awt/event/MouseWheelEvent done


Dynamic libraries:
0x00007ff775cd0000 - 0x00007ff775d0e000 	C:\Program Files\Java\jdk-9.0.4\bin\javaw.exe
0x00007ffd6b260000 - 0x00007ffd6b441000 	C:\WINDOWS\SYSTEM32\ntdll.dll
0x00007ffd69290000 - 0x00007ffd69341000 	C:\WINDOWS\System32\KERNEL32.DLL
0x00007ffd67fe0000 - 0x00007ffd68253000 	C:\WINDOWS\System32\KERNELBASE.dll
0x00007ffd69090000 - 0x00007ffd69131000 	C:\WINDOWS\System32\ADVAPI32.dll
0x00007ffd691f0000 - 0x00007ffd6928e000 	C:\WINDOWS\System32\msvcrt.dll
0x00007ffd69350000 - 0x00007ffd693ab000 	C:\WINDOWS\System32\sechost.dll
0x00007ffd68da0000 - 0x00007ffd68ec4000 	C:\WINDOWS\System32\RPCRT4.dll
0x00007ffd69550000 - 0x00007ffd696e0000 	C:\WINDOWS\System32\USER32.dll
0x00007ffd68260000 - 0x00007ffd68280000 	C:\WINDOWS\System32\win32u.dll
0x00007ffd696f0000 - 0x00007ffd69718000 	C:\WINDOWS\System32\GDI32.dll
0x00007ffd67e40000 - 0x00007ffd67fd2000 	C:\WINDOWS\System32\gdi32full.dll
0x00007ffd67d40000 - 0x00007ffd67ddf000 	C:\WINDOWS\System32\msvcp_win.dll
0x00007ffd685f0000 - 0x00007ffd686e8000 	C:\WINDOWS\System32\ucrtbase.dll
0x00007ffd4fcc0000 - 0x00007ffd4ff29000 	C:\WINDOWS\WinSxS\amd64_microsoft.windows.common-controls_6595b64144ccf1df_6.0.17134.706_none_fb43a2cb30647007\COMCTL32.dll
0x00007ffd69890000 - 0x00007ffd69bb2000 	C:\WINDOWS\System32\combase.dll
0x00007ffd68570000 - 0x00007ffd685ea000 	C:\WINDOWS\System32\bcryptPrimitives.dll
0x00007ffd5d3f0000 - 0x00007ffd5d3fa000 	C:\WINDOWS\SYSTEM32\VERSION.dll
0x00007ffd6b200000 - 0x00007ffd6b22d000 	C:\WINDOWS\System32\IMM32.DLL
0x00007ffd3ad20000 - 0x00007ffd3ae0f000 	C:\Program Files\Java\jdk-9.0.4\bin\msvcr120.dll
0x00007ffd3c6f0000 - 0x00007ffd3c796000 	C:\Program Files\Java\jdk-9.0.4\bin\msvcp120.dll
0x0000000063e80000 - 0x00000000648a5000 	C:\Program Files\Java\jdk-9.0.4\bin\server\jvm.dll
0x00007ffd693b0000 - 0x00007ffd693b8000 	C:\WINDOWS\System32\PSAPI.DLL
0x00007ffd65430000 - 0x00007ffd65453000 	C:\WINDOWS\SYSTEM32\WINMM.dll
0x00007ffd4f670000 - 0x00007ffd4f679000 	C:\WINDOWS\SYSTEM32\WSOCK32.dll
0x00007ffd69720000 - 0x00007ffd6978c000 	C:\WINDOWS\System32\WS2_32.dll
0x00007ffd652f0000 - 0x00007ffd6531a000 	C:\WINDOWS\SYSTEM32\WINMMBASE.dll
0x00007ffd68470000 - 0x00007ffd684b9000 	C:\WINDOWS\System32\cfgmgr32.dll
0x00007ffd654a0000 - 0x00007ffd654af000 	C:\Program Files\Java\jdk-9.0.4\bin\verify.dll
0x00007ffd5d5c0000 - 0x00007ffd5d5e7000 	C:\Program Files\Java\jdk-9.0.4\bin\java.dll
0x00007ffd4be70000 - 0x00007ffd4bea6000 	C:\Program Files\Java\jdk-9.0.4\bin\jdwp.dll
0x00007ffd5e720000 - 0x00007ffd5e736000 	C:\Program Files\Java\jdk-9.0.4\bin\zip.dll
0x00007ffd61320000 - 0x00007ffd6132a000 	C:\Program Files\Java\jdk-9.0.4\bin\jimage.dll
0x00007ffd69dc0000 - 0x00007ffd6b200000 	C:\WINDOWS\System32\SHELL32.dll
0x00007ffd69140000 - 0x00007ffd691e9000 	C:\WINDOWS\System32\shcore.dll
0x00007ffd67630000 - 0x00007ffd67d3d000 	C:\WINDOWS\System32\windows.storage.dll
0x00007ffd68d40000 - 0x00007ffd68d91000 	C:\WINDOWS\System32\shlwapi.dll
0x00007ffd67610000 - 0x00007ffd67621000 	C:\WINDOWS\System32\kernel.appcore.dll
0x00007ffd675c0000 - 0x00007ffd675df000 	C:\WINDOWS\System32\profapi.dll
0x00007ffd67570000 - 0x00007ffd675bc000 	C:\WINDOWS\System32\powrprof.dll
0x00007ffd675e0000 - 0x00007ffd675ea000 	C:\WINDOWS\System32\FLTLIB.DLL
0x00007ffd55ad0000 - 0x00007ffd55aea000 	C:\Program Files\Java\jdk-9.0.4\bin\net.dll
0x00007ffd5c010000 - 0x00007ffd5c0ed000 	C:\WINDOWS\SYSTEM32\WINHTTP.dll
0x00007ffd66df0000 - 0x00007ffd66e56000 	C:\WINDOWS\system32\mswsock.dll
0x00007ffd55ab0000 - 0x00007ffd55ac1000 	C:\Program Files\Java\jdk-9.0.4\bin\nio.dll
0x00007ffd5d7f0000 - 0x00007ffd5d7fa000 	C:\Program Files\Java\jdk-9.0.4\bin\dt_socket.dll
0x00007ffd66bb0000 - 0x00007ffd66c6e000 	C:\WINDOWS\SYSTEM32\DNSAPI.dll
0x00007ffd69540000 - 0x00007ffd69548000 	C:\WINDOWS\System32\NSI.dll
0x00007ffd66b70000 - 0x00007ffd66ba8000 	C:\WINDOWS\SYSTEM32\IPHLPAPI.DLL
0x00007ffd5bf90000 - 0x00007ffd5c002000 	C:\WINDOWS\System32\fwpuclnt.dll
0x00007ffd670d0000 - 0x00007ffd670f5000 	C:\WINDOWS\SYSTEM32\bcrypt.dll
0x00007ffd5bc40000 - 0x00007ffd5bc4a000 	C:\Windows\System32\rasadhlp.dll
0x00007ffd39d00000 - 0x00007ffd39e99000 	C:\Program Files\Java\jdk-9.0.4\bin\awt.dll
0x00007ffd68fc0000 - 0x00007ffd69082000 	C:\WINDOWS\System32\OLEAUT32.dll
0x00007ffd63f10000 - 0x00007ffd644d7000 	C:\WINDOWS\SYSTEM32\d2d1.dll
0x00007ffd65550000 - 0x00007ffd655db000 	C:\WINDOWS\SYSTEM32\apphelp.dll
0x00007ffd65930000 - 0x00007ffd65959000 	C:\WINDOWS\system32\DWMAPI.DLL
0x00007ffd65850000 - 0x00007ffd658e8000 	C:\WINDOWS\system32\uxtheme.dll
0x00007ffd5e7c0000 - 0x00007ffd5e8e0000 	C:\WINDOWS\system32\opengl32.dll
0x00007ffd5e750000 - 0x00007ffd5e77c000 	C:\WINDOWS\SYSTEM32\GLU32.dll
0x00007ffd693c0000 - 0x00007ffd69533000 	C:\WINDOWS\System32\MSCTF.dll
0x00007ffd68be0000 - 0x00007ffd68d31000 	C:\WINDOWS\System32\ole32.dll
0x00007ffd4eb60000 - 0x00007ffd4eb8b000 	C:\Program Files\Java\jdk-9.0.4\bin\javajpeg.dll
0x00007ffd3b120000 - 0x00007ffd3b1bd000 	C:\Program Files\Java\jdk-9.0.4\bin\fontmanager.dll
0x00007ffd451f0000 - 0x00007ffd45232000 	C:\Program Files\Java\jdk-9.0.4\bin\t2k.dll
0x00007ffd68b40000 - 0x00007ffd68be0000 	C:\WINDOWS\System32\clbcatq.dll
0x00007ffd63270000 - 0x00007ffd6341e000 	C:\WINDOWS\SYSTEM32\WindowsCodecs.dll
0x00007ffd55740000 - 0x00007ffd55798000 	C:\WINDOWS\system32\dataexchange.dll
0x00007ffd644e0000 - 0x00007ffd647eb000 	C:\WINDOWS\system32\d3d11.dll
0x00007ffd64d30000 - 0x00007ffd64ecc000 	C:\WINDOWS\system32\dcomp.dll
0x00007ffd66330000 - 0x00007ffd663eb000 	C:\WINDOWS\system32\dxgi.dll
0x00007ffd65a70000 - 0x00007ffd65c28000 	C:\WINDOWS\system32\twinapi.appcore.dll
0x00007ffd65a10000 - 0x00007ffd65a39000 	C:\WINDOWS\system32\RMCLIENT.dll
0x00007ffd5eb10000 - 0x00007ffd5eba6000 	C:\WINDOWS\System32\TextInputFramework.dll
0x00007ffd627c0000 - 0x00007ffd62ade000 	C:\WINDOWS\System32\CoreUIComponents.dll
0x00007ffd66690000 - 0x00007ffd666c1000 	C:\WINDOWS\SYSTEM32\ntmarta.dll
0x00007ffd64ed0000 - 0x00007ffd64faa000 	C:\WINDOWS\System32\CoreMessaging.dll
0x00007ffd62ae0000 - 0x00007ffd62c2d000 	C:\WINDOWS\SYSTEM32\wintypes.dll
0x00007ffd43a20000 - 0x00007ffd43af1000 	C:\Windows\System32\IME\IMEKR\imkrtip.dll
0x00007ffd63af0000 - 0x00007ffd63ca4000 	C:\WINDOWS\SYSTEM32\PROPSYS.dll
0x00007ffd42070000 - 0x00007ffd421c6000 	C:\Windows\System32\IME\shared\imetip.dll
0x00007ffd59490000 - 0x00007ffd594fb000 	C:\WINDOWS\SYSTEM32\OLEACC.dll
0x00007ffd3f0c0000 - 0x00007ffd3f26b000 	C:\WINDOWS\SYSTEM32\DUI70.dll
0x00007ffd44c20000 - 0x00007ffd44c5d000 	C:\Windows\System32\IME\IMEKR\imkrapi.dll
0x00007ffd44170000 - 0x00007ffd441b0000 	C:\Windows\System32\IME\shared\imjkapi.dll

VM Arguments:
jvm_args: -agentlib:jdwp=transport=dt_socket,suspend=y,address=localhost:13608 -Dfile.encoding=MS949 
java_command: jCompanyCafe.MainFrame
java_class_path (initial): C:\Users\SAMSUNG\eclipse-workspace\FinalTest\bin;C:\Users\SAMSUNG\Desktop\mysql-connector-java-8.0.16.jar
Launcher Type: SUN_STANDARD

Logging:
Log output configuration:
#0: stdout all=warning uptime,level,tags
#1: stderr all=off uptime,level,tags

Environment Variables:
CLASSPATH=C:\Program Files\Java\jdk-9.0.4\lib;
PATH=C:/Program Files/Java/jdk-9.0.4/bin/server;C:/Program Files/Java/jdk-9.0.4/bin;C:\oraclexe\app\oracle\product\11.2.0\server\bin;;C:\Program Files\Java\jdk-9.0.4\bin;C:\Program Files (x86)\Intel\iCLS Client\;C:\Program Files\Intel\iCLS Client\;C:\WINDOWS\system32;C:\WINDOWS;C:\WINDOWS\System32\Wbem;C:\WINDOWS\System32\WindowsPowerShell\v1.0\;C:\Program Files (x86)\Intel\Intel(R) Management Engine Components\DAL;C:\Program Files\Intel\Intel(R) Management Engine Components\DAL;C:\Program Files (x86)\Intel\Intel(R) Management Engine Components\IPT;C:\Program Files\Intel\Intel(R) Management Engine Components\IPT;C:\Program Files (x86)\Windows Live\Shared;C:\Program Files (x86)\Windows Kits\10\Windows Performance Toolkit\;C:\WINDOWS\System32\OpenSSH\;C:\Program Files\Intel\WiFi\bin\;C:\Program Files\Common Files\Intel\WirelessCommon\;C:\Users\SAMSUNG\AppData\Local\Microsoft\WindowsApps;C:\Program Files\Intel\WiFi\bin\;C:\Program Files\Common Files\Intel\WirelessCommon\;;C:\eclipse-jee-oxygen-3a-win32-x86_64\eclipse;
USERNAME=SAMSUNG
OS=Windows_NT
PROCESSOR_IDENTIFIER=Intel64 Family 6 Model 142 Stepping 9, GenuineIntel



---------------  S Y S T E M  ---------------

OS: Windows 10 , 64 bit Build 17134 (10.0.17134.706)

CPU:total 4 (initial active 4) (2 cores per cpu, 2 threads per core) family 6 model 142 stepping 9, cmov, cx8, fxsr, mmx, sse, sse2, sse3, ssse3, sse4.1, sse4.2, popcnt, avx, avx2, aes, clmul, erms, 3dnowpref, lzcnt, ht, tsc, tscinvbit, bmi1, bmi2, adx, fma

Memory: 4k page, physical 8298224k(3306600k free), swap 13757372k(5124k free)

vm_info: Java HotSpot(TM) 64-Bit Server VM (9.0.4+11) for windows-amd64 JRE (9.0.4+11), built on Dec 20 2017 02:18:54 by "mach5one" with MS VC++ 12.0 (VS2013)

END.
