#
# There is insufficient memory for the Java Runtime Environment to continue.
# Native memory allocation (malloc) failed to allocate 32744 bytes for ChunkPool::allocate
# Possible reasons:
#   The system is out of physical RAM or swap space
#   The process is running with CompressedOops enabled, and the Java Heap may be blocking the growth of the native heap
# Possible solutions:
#   Reduce memory load on the system
#   Increase physical memory or swap space
#   Check if swap backing store is full
#   Decrease Java heap size (-Xmx/-Xms)
#   Decrease number of Java threads
#   Decrease Java thread stack sizes (-Xss)
#   Set larger code cache with -XX:ReservedCodeCacheSize=
#   JVM is running with Unscaled Compressed Oops mode in which the Java heap is
#     placed in the first 4GB address space. The Java Heap base address is the
#     maximum limit for the native heap growth. Please use -XX:HeapBaseMinAddress
#     to set the Java Heap base and to place the Java Heap above 4GB virtual address.
# This output file may be truncated or incomplete.
#
#  Out of Memory Error (t:/workspace/hotspot/src/share/vm/memory/allocation.cpp:256), pid=5824, tid=10232
#
# JRE version: Java(TM) SE Runtime Environment (9.0+11) (build 9.0.4+11)
# Java VM: Java HotSpot(TM) 64-Bit Server VM (9.0.4+11, mixed mode, tiered, compressed oops, g1 gc, windows-amd64)
# No core dump will be written. Minidumps are not enabled by default on client versions of Windows
#

---------------  S U M M A R Y ------------

Command Line: -agentlib:jdwp=transport=dt_socket,suspend=y,address=localhost:13118 -Dfile.encoding=MS949 jCompanyCafe.MainFrame

Host: Intel(R) Core(TM) i5-7200U CPU @ 2.50GHz, 4 cores, 7G,  Windows 10 , 64 bit Build 17134 (10.0.17134.706)
Time: Mon Jun 10 20:28:36 2019 ¢¥eCN©öI¡¾©ö C¡ÍA¨ª¨öA elapsed time: 1 seconds (0d 0h 0m 1s)

---------------  T H R E A D  ---------------

Current thread (0x0000021dd1148800):  JavaThread "C2 CompilerThread1" daemon [_thread_in_native, id=10232, stack(0x0000005e8f200000,0x0000005e8f300000)]


Current CompileTask:
C2:   1631 1362       4       sun.font.TrueTypeFont::initAllNames (179 bytes)

Stack: [0x0000005e8f200000,0x0000005e8f300000]
Native frames: (J=compiled Java code, j=interpreted, Vv=VM code, C=native code)
V  [jvm.dll+0x587068]

[error occurred during error reporting (printing native stack), id 0xe0000001]


---------------  P R O C E S S  ---------------

Java Threads: ( => current thread )
  0x0000021dd183a800 JavaThread "DestroyJavaVM" [_thread_blocked, id=4384, stack(0x0000005e8e000000,0x0000005e8e100000)]
  0x0000021dd183e800 JavaThread "AWT-EventQueue-0" [_thread_blocked, id=22348, stack(0x0000005e90100000,0x0000005e90200000)]
  0x0000021dd183c000 JavaThread "Image Fetcher 2" daemon [_thread_blocked, id=9984, stack(0x0000005e90000000,0x0000005e90100000)]
  0x0000021dd183f000 JavaThread "Image Fetcher 1" daemon [_thread_blocked, id=1048, stack(0x0000005e8ff00000,0x0000005e90000000)]
  0x0000021dd1839000 JavaThread "Image Fetcher 0" daemon [_thread_blocked, id=6864, stack(0x0000005e8fe00000,0x0000005e8ff00000)]
  0x0000021dd183d800 JavaThread "AWT-Windows" daemon [_thread_in_native, id=17252, stack(0x0000005e8fd00000,0x0000005e8fe00000)]
  0x0000021dd183d000 JavaThread "AWT-Shutdown" [_thread_blocked, id=1520, stack(0x0000005e8fc00000,0x0000005e8fd00000)]
  0x0000021dd17f6800 JavaThread "Java2D Disposer" daemon [_thread_blocked, id=9048, stack(0x0000005e8fb00000,0x0000005e8fc00000)]
  0x0000021dd1430000 JavaThread "Service Thread" daemon [_thread_blocked, id=8236, stack(0x0000005e8f900000,0x0000005e8fa00000)]
  0x0000021dd1425800 JavaThread "JDWP Command Reader" daemon [_thread_in_native, id=15848, stack(0x0000005e8f800000,0x0000005e8f900000)]
  0x0000021dd1420800 JavaThread "JDWP Event Helper Thread" daemon [_thread_blocked, id=9744, stack(0x0000005e8f700000,0x0000005e8f800000)]
  0x0000021dd1415800 JavaThread "JDWP Transport Listener: dt_socket" daemon [_thread_blocked, id=22452, stack(0x0000005e8f600000,0x0000005e8f700000)]
  0x0000021dd12a2800 JavaThread "Common-Cleaner" daemon [_thread_blocked, id=16976, stack(0x0000005e8f500000,0x0000005e8f600000)]
  0x0000021dd1156800 JavaThread "Sweeper thread" daemon [_thread_blocked, id=17436, stack(0x0000005e8f400000,0x0000005e8f500000)]
  0x0000021dd114f800 JavaThread "C1 CompilerThread2" daemon [_thread_blocked, id=10996, stack(0x0000005e8f300000,0x0000005e8f400000)]
=>0x0000021dd1148800 JavaThread "C2 CompilerThread1" daemon [_thread_in_native, id=10232, stack(0x0000005e8f200000,0x0000005e8f300000)]
  0x0000021dd113d000 JavaThread "C2 CompilerThread0" daemon [_thread_blocked, id=18152, stack(0x0000005e8f100000,0x0000005e8f200000)]
  0x0000021dd1138000 JavaThread "Attach Listener" daemon [_thread_blocked, id=20620, stack(0x0000005e8f000000,0x0000005e8f100000)]
  0x0000021dd1137000 JavaThread "Signal Dispatcher" daemon [_thread_blocked, id=2628, stack(0x0000005e8ef00000,0x0000005e8f000000)]
  0x0000021dd10e0000 JavaThread "Finalizer" daemon [_thread_blocked, id=4212, stack(0x0000005e8ee00000,0x0000005e8ef00000)]
  0x0000021dd10d0000 JavaThread "Reference Handler" daemon [_thread_blocked, id=13712, stack(0x0000005e8ed00000,0x0000005e8ee00000)]

Other Threads:
  0x0000021dd10d4800 VMThread "VM Thread" [stack: 0x0000005e8ec00000,0x0000005e8ed00000] [id=5888]
  0x0000021dd1431800 WatcherThread [stack: 0x0000005e8fa00000,0x0000005e8fb00000] [id=3088]
  0x0000021dad966000 GCTaskThread "GC Thread#0" [stack: 0x0000005e8e100000,0x0000005e8e200000] [id=21980]
  0x0000021dad967800 GCTaskThread "GC Thread#1" [stack: 0x0000005e8e200000,0x0000005e8e300000] [id=3928]
  0x0000021dad96a800 GCTaskThread "GC Thread#2" [stack: 0x0000005e8e300000,0x0000005e8e400000] [id=12596]
  0x0000021dad96d000 GCTaskThread "GC Thread#3" [stack: 0x0000005e8e400000,0x0000005e8e500000] [id=19524]
  0x0000021dad9e9000 ConcurrentGCThread "G1 Main Marker" [stack: 0x0000005e8ea00000,0x0000005e8eb00000] [id=15128]
  0x0000021dad9ec800 ConcurrentGCThread "G1 Marker#0" [stack: 0x0000005e8eb00000,0x0000005e8ec00000] [id=8628]
  0x0000021dad97e000 ConcurrentGCThread "G1 Refine#0" [stack: 0x0000005e8e800000,0x0000005e8e900000] [id=5524]
  0x0000021dad97d000 ConcurrentGCThread "G1 Refine#1" [stack: 0x0000005e8e700000,0x0000005e8e800000] [id=236]
  0x0000021dad977800 ConcurrentGCThread "G1 Refine#2" [stack: 0x0000005e8e600000,0x0000005e8e700000] [id=16340]
  0x0000021dad975800 ConcurrentGCThread "G1 Refine#3" [stack: 0x0000005e8e500000,0x0000005e8e600000] [id=21148]
  0x0000021dad97f800 ConcurrentGCThread "G1 Young RemSet Sampling" [stack: 0x0000005e8e900000,0x0000005e8ea00000] [id=6032]

Threads with active compile tasks:
C2 CompilerThread11362       4       sun.font.TrueTypeFont::initAllNames (179 bytes)

VM state:not at safepoint (normal execution)

VM Mutex/Monitor currently owned by a thread: None

Heap address: 0x0000000081600000, size: 2026 MB, Compressed Oops mode: 32-bit
Narrow klass base: 0x0000000000000000, Narrow klass shift: 3
Compressed class space size: 1073741824 Address: 0x0000000100000000

Heap:
 garbage-first heap   total 131072K, used 17268K [0x0000000081600000, 0x0000000081700400, 0x0000000100000000)
  region size 1024K, 9 young (9216K), 1 survivors (1024K)
 Metaspace       used 16649K, capacity 17640K, committed 17920K, reserved 1064960K
  class space    used 1807K, capacity 2026K, committed 2048K, reserved 1048576K
Heap Regions: E=young(eden), S=young(survivor), O=old, HS=humongous(starts), HC=humongous(continues), CS=collection set, F=free, A=archive, TS=gc time stamp, AC=allocation context, TAMS=top-at-mark-start (previous, next)
|   0|0x0000000081600000, 0x0000000081700000, 0x0000000081700000|100%| O|  |TS  3|AC  0|TAMS 0x0000000081600000, 0x0000000081600000|
|   1|0x0000000081700000, 0x0000000081800000, 0x0000000081800000|100%| O|  |TS  1|AC  0|TAMS 0x0000000081700000, 0x0000000081700000|
|   2|0x0000000081800000, 0x0000000081900000, 0x0000000081900000|100%| O|  |TS  3|AC  0|TAMS 0x0000000081800000, 0x0000000081800000|
|   3|0x0000000081900000, 0x00000000819f0400, 0x0000000081a00000| 93%| O|  |TS  3|AC  0|TAMS 0x0000000081900000, 0x0000000081900000|
|   4|0x0000000081a00000, 0x0000000081b00000, 0x0000000081b00000|100%|HS|  |TS  0|AC  0|TAMS 0x0000000081a00000, 0x0000000081a00000|
|   5|0x0000000081b00000, 0x0000000081c00000, 0x0000000081c00000|100%|HC|  |TS  0|AC  0|TAMS 0x0000000081b00000, 0x0000000081b00000|
|   6|0x0000000081c00000, 0x0000000081d00000, 0x0000000081d00000|100%|HC|  |TS  0|AC  0|TAMS 0x0000000081c00000, 0x0000000081c00000|
|   7|0x0000000081d00000, 0x0000000081e00000, 0x0000000081e00000|100%|HC|  |TS  0|AC  0|TAMS 0x0000000081d00000, 0x0000000081d00000|
|   8|0x0000000081e00000, 0x0000000081f00000, 0x0000000081f00000|100%|HC|  |TS  0|AC  0|TAMS 0x0000000081e00000, 0x0000000081e00000|
|   9|0x0000000081f00000, 0x0000000081f00000, 0x0000000082000000|  0%| F|  |TS  0|AC  0|TAMS 0x0000000081f00000, 0x0000000081f00000|
|  10|0x0000000082000000, 0x0000000082000000, 0x0000000082100000|  0%| F|  |TS  0|AC  0|TAMS 0x0000000082000000, 0x0000000082000000|
|  11|0x0000000082100000, 0x0000000082100000, 0x0000000082200000|  0%| F|  |TS  0|AC  0|TAMS 0x0000000082100000, 0x0000000082100000|
|  12|0x0000000082200000, 0x0000000082200000, 0x0000000082300000|  0%| F|  |TS  0|AC  0|TAMS 0x0000000082200000, 0x0000000082200000|
|  13|0x0000000082300000, 0x0000000082300000, 0x0000000082400000|  0%| F|  |TS  0|AC  0|TAMS 0x0000000082300000, 0x0000000082300000|
|  14|0x0000000082400000, 0x0000000082400000, 0x0000000082500000|  0%| F|  |TS  0|AC  0|TAMS 0x0000000082400000, 0x0000000082400000|
|  15|0x0000000082500000, 0x0000000082500000, 0x0000000082600000|  0%| F|  |TS  0|AC  0|TAMS 0x0000000082500000, 0x0000000082500000|
|  16|0x0000000082600000, 0x0000000082600000, 0x0000000082700000|  0%| F|  |TS  0|AC  0|TAMS 0x0000000082600000, 0x0000000082600000|
|  17|0x0000000082700000, 0x0000000082700000, 0x0000000082800000|  0%| F|  |TS  0|AC  0|TAMS 0x0000000082700000, 0x0000000082700000|
|  18|0x0000000082800000, 0x0000000082800000, 0x0000000082900000|  0%| F|  |TS  0|AC  0|TAMS 0x0000000082800000, 0x0000000082800000|
|  19|0x0000000082900000, 0x0000000082900000, 0x0000000082a00000|  0%| F|  |TS  0|AC  0|TAMS 0x0000000082900000, 0x0000000082900000|
|  20|0x0000000082a00000, 0x0000000082a00000, 0x0000000082b00000|  0%| F|  |TS  0|AC  0|TAMS 0x0000000082a00000, 0x0000000082a00000|
|  21|0x0000000082b00000, 0x0000000082b00000, 0x0000000082c00000|  0%| F|  |TS  0|AC  0|TAMS 0x0000000082b00000, 0x0000000082b00000|
|  22|0x0000000082c00000, 0x0000000082c00000, 0x0000000082d00000|  0%| F|  |TS  0|AC  0|TAMS 0x0000000082c00000, 0x0000000082c00000|
|  23|0x0000000082d00000, 0x0000000082d00000, 0x0000000082e00000|  0%| F|  |TS  0|AC  0|TAMS 0x0000000082d00000, 0x0000000082d00000|
|  24|0x0000000082e00000, 0x0000000082e00000, 0x0000000082f00000|  0%| F|  |TS  0|AC  0|TAMS 0x0000000082e00000, 0x0000000082e00000|
|  25|0x0000000082f00000, 0x0000000082f00000, 0x0000000083000000|  0%| F|  |TS  0|AC  0|TAMS 0x0000000082f00000, 0x0000000082f00000|
|  26|0x0000000083000000, 0x0000000083000000, 0x0000000083100000|  0%| F|  |TS  0|AC  0|TAMS 0x0000000083000000, 0x0000000083000000|
|  27|0x0000000083100000, 0x0000000083100000, 0x0000000083200000|  0%| F|  |TS  0|AC  0|TAMS 0x0000000083100000, 0x0000000083100000|
|  28|0x0000000083200000, 0x0000000083200000, 0x0000000083300000|  0%| F|  |TS  0|AC  0|TAMS 0x0000000083200000, 0x0000000083200000|
|  29|0x0000000083300000, 0x0000000083300000, 0x0000000083400000|  0%| F|  |TS  0|AC  0|TAMS 0x0000000083300000, 0x0000000083300000|
|  30|0x0000000083400000, 0x0000000083400000, 0x0000000083500000|  0%| F|  |TS  0|AC  0|TAMS 0x0000000083400000, 0x0000000083400000|
|  31|0x0000000083500000, 0x0000000083500000, 0x0000000083600000|  0%| F|  |TS  0|AC  0|TAMS 0x0000000083500000, 0x0000000083500000|
|  32|0x0000000083600000, 0x0000000083600000, 0x0000000083700000|  0%| F|  |TS  0|AC  0|TAMS 0x0000000083600000, 0x0000000083600000|
|  33|0x0000000083700000, 0x0000000083700000, 0x0000000083800000|  0%| F|  |TS  0|AC  0|TAMS 0x0000000083700000, 0x0000000083700000|
|  34|0x0000000083800000, 0x0000000083800000, 0x0000000083900000|  0%| F|  |TS  0|AC  0|TAMS 0x0000000083800000, 0x0000000083800000|
|  35|0x0000000083900000, 0x0000000083900000, 0x0000000083a00000|  0%| F|  |TS  0|AC  0|TAMS 0x0000000083900000, 0x0000000083900000|
|  36|0x0000000083a00000, 0x0000000083a00000, 0x0000000083b00000|  0%| F|  |TS  0|AC  0|TAMS 0x0000000083a00000, 0x0000000083a00000|
|  37|0x0000000083b00000, 0x0000000083b00000, 0x0000000083c00000|  0%| F|  |TS  0|AC  0|TAMS 0x0000000083b00000, 0x0000000083b00000|
|  38|0x0000000083c00000, 0x0000000083c00000, 0x0000000083d00000|  0%| F|  |TS  0|AC  0|TAMS 0x0000000083c00000, 0x0000000083c00000|
|  39|0x0000000083d00000, 0x0000000083d00000, 0x0000000083e00000|  0%| F|  |TS  0|AC  0|TAMS 0x0000000083d00000, 0x0000000083d00000|
|  40|0x0000000083e00000, 0x0000000083e00000, 0x0000000083f00000|  0%| F|  |TS  0|AC  0|TAMS 0x0000000083e00000, 0x0000000083e00000|
|  41|0x0000000083f00000, 0x0000000083f00000, 0x0000000084000000|  0%| F|  |TS  0|AC  0|TAMS 0x0000000083f00000, 0x0000000083f00000|
|  42|0x0000000084000000, 0x0000000084000000, 0x0000000084100000|  0%| F|  |TS  0|AC  0|TAMS 0x0000000084000000, 0x0000000084000000|
|  43|0x0000000084100000, 0x0000000084100000, 0x0000000084200000|  0%| F|  |TS  0|AC  0|TAMS 0x0000000084100000, 0x0000000084100000|
|  44|0x0000000084200000, 0x0000000084200000, 0x0000000084300000|  0%| F|  |TS  0|AC  0|TAMS 0x0000000084200000, 0x0000000084200000|
|  45|0x0000000084300000, 0x0000000084300000, 0x0000000084400000|  0%| F|  |TS  0|AC  0|TAMS 0x0000000084300000, 0x0000000084300000|
|  46|0x0000000084400000, 0x0000000084400000, 0x0000000084500000|  0%| F|  |TS  0|AC  0|TAMS 0x0000000084400000, 0x0000000084400000|
|  47|0x0000000084500000, 0x0000000084500000, 0x0000000084600000|  0%| F|  |TS  0|AC  0|TAMS 0x0000000084500000, 0x0000000084500000|
|  48|0x0000000084600000, 0x0000000084600000, 0x0000000084700000|  0%| F|  |TS  0|AC  0|TAMS 0x0000000084600000, 0x0000000084600000|
|  49|0x0000000084700000, 0x0000000084700000, 0x0000000084800000|  0%| F|  |TS  0|AC  0|TAMS 0x0000000084700000, 0x0000000084700000|
|  50|0x0000000084800000, 0x0000000084800000, 0x0000000084900000|  0%| F|  |TS  0|AC  0|TAMS 0x0000000084800000, 0x0000000084800000|
|  51|0x0000000084900000, 0x0000000084900000, 0x0000000084a00000|  0%| F|  |TS  0|AC  0|TAMS 0x0000000084900000, 0x0000000084900000|
|  52|0x0000000084a00000, 0x0000000084a00000, 0x0000000084b00000|  0%| F|  |TS  0|AC  0|TAMS 0x0000000084a00000, 0x0000000084a00000|
|  53|0x0000000084b00000, 0x0000000084b00000, 0x0000000084c00000|  0%| F|  |TS  0|AC  0|TAMS 0x0000000084b00000, 0x0000000084b00000|
|  54|0x0000000084c00000, 0x0000000084c00000, 0x0000000084d00000|  0%| F|  |TS  0|AC  0|TAMS 0x0000000084c00000, 0x0000000084c00000|
|  55|0x0000000084d00000, 0x0000000084d00000, 0x0000000084e00000|  0%| F|  |TS  0|AC  0|TAMS 0x0000000084d00000, 0x0000000084d00000|
|  56|0x0000000084e00000, 0x0000000084e00000, 0x0000000084f00000|  0%| F|  |TS  0|AC  0|TAMS 0x0000000084e00000, 0x0000000084e00000|
|  57|0x0000000084f00000, 0x0000000084f00000, 0x0000000085000000|  0%| F|  |TS  0|AC  0|TAMS 0x0000000084f00000, 0x0000000084f00000|
|  58|0x0000000085000000, 0x0000000085000000, 0x0000000085100000|  0%| F|  |TS  0|AC  0|TAMS 0x0000000085000000, 0x0000000085000000|
|  59|0x0000000085100000, 0x0000000085100000, 0x0000000085200000|  0%| F|  |TS  0|AC  0|TAMS 0x0000000085100000, 0x0000000085100000|
|  60|0x0000000085200000, 0x0000000085200000, 0x0000000085300000|  0%| F|  |TS  0|AC  0|TAMS 0x0000000085200000, 0x0000000085200000|
|  61|0x0000000085300000, 0x0000000085300000, 0x0000000085400000|  0%| F|  |TS  0|AC  0|TAMS 0x0000000085300000, 0x0000000085300000|
|  62|0x0000000085400000, 0x0000000085400000, 0x0000000085500000|  0%| F|  |TS  0|AC  0|TAMS 0x0000000085400000, 0x0000000085400000|
|  63|0x0000000085500000, 0x0000000085500000, 0x0000000085600000|  0%| F|  |TS  0|AC  0|TAMS 0x0000000085500000, 0x0000000085500000|
|  64|0x0000000085600000, 0x0000000085600000, 0x0000000085700000|  0%| F|  |TS  0|AC  0|TAMS 0x0000000085600000, 0x0000000085600000|
|  65|0x0000000085700000, 0x0000000085700000, 0x0000000085800000|  0%| F|  |TS  0|AC  0|TAMS 0x0000000085700000, 0x0000000085700000|
|  66|0x0000000085800000, 0x0000000085800000, 0x0000000085900000|  0%| F|  |TS  0|AC  0|TAMS 0x0000000085800000, 0x0000000085800000|
|  67|0x0000000085900000, 0x0000000085900000, 0x0000000085a00000|  0%| F|  |TS  0|AC  0|TAMS 0x0000000085900000, 0x0000000085900000|
|  68|0x0000000085a00000, 0x0000000085a00000, 0x0000000085b00000|  0%| F|  |TS  0|AC  0|TAMS 0x0000000085a00000, 0x0000000085a00000|
|  69|0x0000000085b00000, 0x0000000085b00000, 0x0000000085c00000|  0%| F|  |TS  0|AC  0|TAMS 0x0000000085b00000, 0x0000000085b00000|
|  70|0x0000000085c00000, 0x0000000085c00000, 0x0000000085d00000|  0%| F|  |TS  0|AC  0|TAMS 0x0000000085c00000, 0x0000000085c00000|
|  71|0x0000000085d00000, 0x0000000085d00000, 0x0000000085e00000|  0%| F|  |TS  0|AC  0|TAMS 0x0000000085d00000, 0x0000000085d00000|
|  72|0x0000000085e00000, 0x0000000085e00000, 0x0000000085f00000|  0%| F|  |TS  0|AC  0|TAMS 0x0000000085e00000, 0x0000000085e00000|
|  73|0x0000000085f00000, 0x0000000085f00000, 0x0000000086000000|  0%| F|  |TS  0|AC  0|TAMS 0x0000000085f00000, 0x0000000085f00000|
|  74|0x0000000086000000, 0x0000000086000000, 0x0000000086100000|  0%| F|  |TS  0|AC  0|TAMS 0x0000000086000000, 0x0000000086000000|
|  75|0x0000000086100000, 0x0000000086100000, 0x0000000086200000|  0%| F|  |TS  0|AC  0|TAMS 0x0000000086100000, 0x0000000086100000|
|  76|0x0000000086200000, 0x0000000086200000, 0x0000000086300000|  0%| F|  |TS  0|AC  0|TAMS 0x0000000086200000, 0x0000000086200000|
|  77|0x0000000086300000, 0x0000000086300000, 0x0000000086400000|  0%| F|  |TS  0|AC  0|TAMS 0x0000000086300000, 0x0000000086300000|
|  78|0x0000000086400000, 0x0000000086400000, 0x0000000086500000|  0%| F|  |TS  0|AC  0|TAMS 0x0000000086400000, 0x0000000086400000|
|  79|0x0000000086500000, 0x0000000086500000, 0x0000000086600000|  0%| F|  |TS  0|AC  0|TAMS 0x0000000086500000, 0x0000000086500000|
|  80|0x0000000086600000, 0x0000000086600000, 0x0000000086700000|  0%| F|  |TS  0|AC  0|TAMS 0x0000000086600000, 0x0000000086600000|
|  81|0x0000000086700000, 0x0000000086700000, 0x0000000086800000|  0%| F|  |TS  0|AC  0|TAMS 0x0000000086700000, 0x0000000086700000|
|  82|0x0000000086800000, 0x0000000086800000, 0x0000000086900000|  0%| F|  |TS  0|AC  0|TAMS 0x0000000086800000, 0x0000000086800000|
|  83|0x0000000086900000, 0x0000000086900000, 0x0000000086a00000|  0%| F|  |TS  0|AC  0|TAMS 0x0000000086900000, 0x0000000086900000|
|  84|0x0000000086a00000, 0x0000000086a00000, 0x0000000086b00000|  0%| F|  |TS  0|AC  0|TAMS 0x0000000086a00000, 0x0000000086a00000|
|  85|0x0000000086b00000, 0x0000000086b00000, 0x0000000086c00000|  0%| F|  |TS  0|AC  0|TAMS 0x0000000086b00000, 0x0000000086b00000|
|  86|0x0000000086c00000, 0x0000000086c00000, 0x0000000086d00000|  0%| F|  |TS  0|AC  0|TAMS 0x0000000086c00000, 0x0000000086c00000|
|  87|0x0000000086d00000, 0x0000000086d00000, 0x0000000086e00000|  0%| F|  |TS  0|AC  0|TAMS 0x0000000086d00000, 0x0000000086d00000|
|  88|0x0000000086e00000, 0x0000000086e00000, 0x0000000086f00000|  0%| F|  |TS  0|AC  0|TAMS 0x0000000086e00000, 0x0000000086e00000|
|  89|0x0000000086f00000, 0x0000000086f00000, 0x0000000087000000|  0%| F|  |TS  0|AC  0|TAMS 0x0000000086f00000, 0x0000000086f00000|
|  90|0x0000000087000000, 0x0000000087000000, 0x0000000087100000|  0%| F|  |TS  0|AC  0|TAMS 0x0000000087000000, 0x0000000087000000|
|  91|0x0000000087100000, 0x0000000087100000, 0x0000000087200000|  0%| F|  |TS  0|AC  0|TAMS 0x0000000087100000, 0x0000000087100000|
|  92|0x0000000087200000, 0x0000000087200000, 0x0000000087300000|  0%| F|  |TS  0|AC  0|TAMS 0x0000000087200000, 0x0000000087200000|
|  93|0x0000000087300000, 0x0000000087300000, 0x0000000087400000|  0%| F|  |TS  0|AC  0|TAMS 0x0000000087300000, 0x0000000087300000|
|  94|0x0000000087400000, 0x0000000087400000, 0x0000000087500000|  0%| F|  |TS  0|AC  0|TAMS 0x0000000087400000, 0x0000000087400000|
|  95|0x0000000087500000, 0x0000000087500000, 0x0000000087600000|  0%| F|  |TS  0|AC  0|TAMS 0x0000000087500000, 0x0000000087500000|
|  96|0x0000000087600000, 0x0000000087600000, 0x0000000087700000|  0%| F|  |TS  0|AC  0|TAMS 0x0000000087600000, 0x0000000087600000|
|  97|0x0000000087700000, 0x0000000087700000, 0x0000000087800000|  0%| F|  |TS  0|AC  0|TAMS 0x0000000087700000, 0x0000000087700000|
|  98|0x0000000087800000, 0x0000000087800000, 0x0000000087900000|  0%| F|  |TS  0|AC  0|TAMS 0x0000000087800000, 0x0000000087800000|
|  99|0x0000000087900000, 0x0000000087900000, 0x0000000087a00000|  0%| F|  |TS  0|AC  0|TAMS 0x0000000087900000, 0x0000000087900000|
| 100|0x0000000087a00000, 0x0000000087a00000, 0x0000000087b00000|  0%| F|  |TS  0|AC  0|TAMS 0x0000000087a00000, 0x0000000087a00000|
| 101|0x0000000087b00000, 0x0000000087b00000, 0x0000000087c00000|  0%| F|  |TS  0|AC  0|TAMS 0x0000000087b00000, 0x0000000087b00000|
| 102|0x0000000087c00000, 0x0000000087c00000, 0x0000000087d00000|  0%| F|  |TS  0|AC  0|TAMS 0x0000000087c00000, 0x0000000087c00000|
| 103|0x0000000087d00000, 0x0000000087d00000, 0x0000000087e00000|  0%| F|  |TS  0|AC  0|TAMS 0x0000000087d00000, 0x0000000087d00000|
| 104|0x0000000087e00000, 0x0000000087e00000, 0x0000000087f00000|  0%| F|  |TS  0|AC  0|TAMS 0x0000000087e00000, 0x0000000087e00000|
| 105|0x0000000087f00000, 0x0000000087f00000, 0x0000000088000000|  0%| F|  |TS  0|AC  0|TAMS 0x0000000087f00000, 0x0000000087f00000|
| 106|0x0000000088000000, 0x0000000088000000, 0x0000000088100000|  0%| F|  |TS  0|AC  0|TAMS 0x0000000088000000, 0x0000000088000000|
| 107|0x0000000088100000, 0x0000000088100000, 0x0000000088200000|  0%| F|  |TS  0|AC  0|TAMS 0x0000000088100000, 0x0000000088100000|
| 108|0x0000000088200000, 0x0000000088200000, 0x0000000088300000|  0%| F|  |TS  0|AC  0|TAMS 0x0000000088200000, 0x0000000088200000|
| 109|0x0000000088300000, 0x0000000088300000, 0x0000000088400000|  0%| F|  |TS  0|AC  0|TAMS 0x0000000088300000, 0x0000000088300000|
| 110|0x0000000088400000, 0x0000000088400000, 0x0000000088500000|  0%| F|  |TS  0|AC  0|TAMS 0x0000000088400000, 0x0000000088400000|
| 111|0x0000000088500000, 0x0000000088500000, 0x0000000088600000|  0%| F|  |TS  0|AC  0|TAMS 0x0000000088500000, 0x0000000088500000|
| 112|0x0000000088600000, 0x0000000088600000, 0x0000000088700000|  0%| F|  |TS  3|AC  0|TAMS 0x0000000088600000, 0x0000000088600000|
| 113|0x0000000088700000, 0x0000000088700000, 0x0000000088800000|  0%| F|  |TS  3|AC  0|TAMS 0x0000000088700000, 0x0000000088700000|
| 114|0x0000000088800000, 0x0000000088800000, 0x0000000088900000|  0%| F|  |TS  1|AC  0|TAMS 0x0000000088800000, 0x0000000088800000|
| 115|0x0000000088900000, 0x0000000088900000, 0x0000000088a00000|  0%| F|  |TS  1|AC  0|TAMS 0x0000000088900000, 0x0000000088900000|
| 116|0x0000000088a00000, 0x0000000088a00000, 0x0000000088b00000|  0%| F|  |TS  1|AC  0|TAMS 0x0000000088a00000, 0x0000000088a00000|
| 117|0x0000000088b00000, 0x0000000088b00000, 0x0000000088c00000|  0%| F|  |TS  1|AC  0|TAMS 0x0000000088b00000, 0x0000000088b00000|
| 118|0x0000000088c00000, 0x0000000088c00000, 0x0000000088d00000|  0%| F|  |TS  1|AC  0|TAMS 0x0000000088c00000, 0x0000000088c00000|
| 119|0x0000000088d00000, 0x0000000088ddfe00, 0x0000000088e00000| 87%| E|  |TS  1|AC  0|TAMS 0x0000000088d00000, 0x0000000088d00000|
| 120|0x0000000088e00000, 0x0000000088f00000, 0x0000000088f00000|100%| E|CS|TS  1|AC  0|TAMS 0x0000000088e00000, 0x0000000088e00000|
| 121|0x0000000088f00000, 0x0000000089000000, 0x0000000089000000|100%| E|CS|TS  1|AC  0|TAMS 0x0000000088f00000, 0x0000000088f00000|
| 122|0x0000000089000000, 0x00000000890ecc00, 0x0000000089100000| 92%| S|CS|TS  3|AC  0|TAMS 0x0000000089000000, 0x0000000089000000|
| 123|0x0000000089100000, 0x0000000089200000, 0x0000000089200000|100%| E|CS|TS  3|AC  0|TAMS 0x0000000089100000, 0x0000000089100000|
| 124|0x0000000089200000, 0x0000000089300000, 0x0000000089300000|100%| E|CS|TS  3|AC  0|TAMS 0x0000000089200000, 0x0000000089200000|
| 125|0x0000000089300000, 0x0000000089400000, 0x0000000089400000|100%| E|CS|TS  3|AC  0|TAMS 0x0000000089300000, 0x0000000089300000|
| 126|0x0000000089400000, 0x0000000089500000, 0x0000000089500000|100%| E|CS|TS  3|AC  0|TAMS 0x0000000089400000, 0x0000000089400000|
| 127|0x0000000089500000, 0x0000000089600000, 0x0000000089600000|100%| E|CS|TS  3|AC  0|TAMS 0x0000000089500000, 0x0000000089500000|

Card table byte_map: [0x0000021dc9ad0000,0x0000021dc9ed0000] byte_map_base: 0x0000021dc96c5000

Marking Bits (Prev, Next): (CMBitMap*) 0x0000021dad9e8240, (CMBitMap*) 0x0000021dad9e8278
 Prev Bits: [0x0000021dca2d0000, 0x0000021dcc278000)
 Next Bits: [0x0000021dcc280000, 0x0000021dce228000)

Polling page: 0x0000021dad8e0000

CodeHeap 'non-profiled nmethods': size=120064Kb used=661Kb max_used=661Kb free=119402Kb
 bounds [0x0000021dc1850000, 0x0000021dc1ac0000, 0x0000021dc8d90000]
CodeHeap 'profiled nmethods': size=120000Kb used=3252Kb max_used=3252Kb free=116747Kb
 bounds [0x0000021dba320000, 0x0000021dba650000, 0x0000021dc1850000]
CodeHeap 'non-nmethods': size=5696Kb used=1370Kb max_used=1389Kb free=4325Kb
 bounds [0x0000021db9d90000, 0x0000021dba000000, 0x0000021dba320000]
 total_blobs=2602 nmethods=1687 adapters=513
 compilation: enabled

Compilation events (10 events):
Event: 1.387 Thread 0x0000021dd114f800 1684       3       java.lang.invoke.MethodHandles::dropArguments0 (113 bytes)
Event: 1.387 Thread 0x0000021dd113d000 1687       4       java.util.Arrays::equals (57 bytes)
Event: 1.388 Thread 0x0000021dd114f800 nmethod 1684 0x0000021dba64a310 code [0x0000021dba64a600, 0x0000021dba64b8e0]
Event: 1.388 Thread 0x0000021dd114f800 1685       3       java.lang.invoke.MethodType::insertParameterTypes (10 bytes)
Event: 1.389 Thread 0x0000021dd114f800 nmethod 1685 0x0000021dba64c090 code [0x0000021dba64c280, 0x0000021dba64c7a0]
Event: 1.389 Thread 0x0000021dd114f800 1686       3       java.util.Arrays$ArrayList::toArray (47 bytes)
Event: 1.389 Thread 0x0000021dd114f800 nmethod 1686 0x0000021dba64c910 code [0x0000021dba64cb00, 0x0000021dba64d160]
Event: 1.389 Thread 0x0000021dd114f800 1688       1       java.awt.AWTEvent::getID (5 bytes)
Event: 1.389 Thread 0x0000021dd114f800 nmethod 1688 0x0000021dc18f4d10 code [0x0000021dc18f4ec0, 0x0000021dc18f4fd8]
Event: 1.390 Thread 0x0000021dd113d000 nmethod 1687 0x0000021dc18f5090 code [0x0000021dc18f5220, 0x0000021dc18f53b8]

GC Heap History (4 events):
Event: 0.832 GC heap before
{Heap before GC invocations=0 (full 0):
 garbage-first heap   total 131072K, used 15360K [0x0000000081600000, 0x0000000081700400, 0x0000000100000000)
  region size 1024K, 14 young (14336K), 0 survivors (0K)
 Metaspace       used 14208K, capacity 15224K, committed 15360K, reserved 1062912K
  class space    used 1534K, capacity 1761K, committed 1792K, reserved 1048576K
}
Event: 0.837 GC heap after
{Heap after GC invocations=1 (full 0):
 garbage-first heap   total 131072K, used 3993K [0x0000000081600000, 0x0000000081700400, 0x0000000100000000)
  region size 1024K, 2 young (2048K), 2 survivors (2048K)
 Metaspace       used 14208K, capacity 15224K, committed 15360K, reserved 1062912K
  class space    used 1534K, capacity 1761K, committed 1792K, reserved 1048576K
}
Event: 1.008 GC heap before
{Heap before GC invocations=1 (full 0):
 garbage-first heap   total 131072K, used 9113K [0x0000000081600000, 0x0000000081700400, 0x0000000100000000)
  region size 1024K, 7 young (7168K), 2 survivors (2048K)
 Metaspace       used 14429K, capacity 15482K, committed 15616K, reserved 1062912K
  class space    used 1537K, capacity 1763K, committed 1792K, reserved 1048576K
}
Event: 1.012 GC heap after
{Heap after GC invocations=2 (full 0):
 garbage-first heap   total 131072K, used 4980K [0x0000000081600000, 0x0000000081700400, 0x0000000100000000)
  region size 1024K, 1 young (1024K), 1 survivors (1024K)
 Metaspace       used 14429K, capacity 15482K, committed 15616K, reserved 1062912K
  class space    used 1537K, capacity 1763K, committed 1792K, reserved 1048576K
}

Deoptimization events (10 events):
Event: 1.099 Thread 0x0000021dad950000 Uncommon trap: reason=unstable_if action=reinterpret pc=0x0000021dc18d1610 method=sun.font.TrueTypeFont.getDirectoryEntry(I)Lsun/font/TrueTypeFont$DirectoryEntry; @ 7 c2
Event: 1.182 Thread 0x0000021dad950000 Uncommon trap: reason=class_check action=maybe_recompile pc=0x0000021dc18cd49c method=java.util.HashMap.getNode(ILjava/lang/Object;)Ljava/util/HashMap$Node; @ 59 c2
Event: 1.182 Thread 0x0000021dad950000 Uncommon trap: reason=class_check action=maybe_recompile pc=0x0000021dc18cd49c method=java.util.HashMap.getNode(ILjava/lang/Object;)Ljava/util/HashMap$Node; @ 59 c2
Event: 1.186 Thread 0x0000021dad950000 Uncommon trap: reason=class_check action=maybe_recompile pc=0x0000021dc18cd49c method=java.util.HashMap.getNode(ILjava/lang/Object;)Ljava/util/HashMap$Node; @ 59 c2
Event: 1.186 Thread 0x0000021dad950000 Uncommon trap: reason=class_check action=maybe_recompile pc=0x0000021dc18cd510 method=java.util.HashMap.getNode(ILjava/lang/Object;)Ljava/util/HashMap$Node; @ 126 c2
Event: 1.186 Thread 0x0000021dad950000 Uncommon trap: reason=class_check action=maybe_recompile pc=0x0000021dc18cd510 method=java.util.HashMap.getNode(ILjava/lang/Object;)Ljava/util/HashMap$Node; @ 126 c2
Event: 1.186 Thread 0x0000021dad950000 Uncommon trap: reason=class_check action=maybe_recompile pc=0x0000021dc18bd1ac method=java.util.HashMap.getNode(ILjava/lang/Object;)Ljava/util/HashMap$Node; @ 126 c2
Event: 1.186 Thread 0x0000021dad950000 Uncommon trap: reason=unstable_if action=reinterpret pc=0x0000021dc185982c method=java.util.HashMap.hash(Ljava/lang/Object;)I @ 1 c2
Event: 1.347 Thread 0x0000021dd183e800 Uncommon trap: reason=unstable_if action=reinterpret pc=0x0000021dc18e7a80 method=sun.nio.ch.Util$BufferCache.get(I)Ljava/nio/ByteBuffer; @ 25 c2
Event: 1.363 Thread 0x0000021dd183e800 Uncommon trap: reason=unstable_if action=reinterpret pc=0x0000021dc18ce6cc method=java.lang.ThreadLocal$ThreadLocalMap.getEntry(Ljava/lang/ThreadLocal;)Ljava/lang/ThreadLocal$ThreadLocalMap$Entry; @ 21 c2

Classes redefined (0 events):
No events

Internal exceptions (10 events):
Event: 0.686 Thread 0x0000021dad950000 Exception <a 'java/lang/NoSuchMethodError'{0x0000000088a07190}: java.lang.invoke.DirectMethodHandle$Holder.invokeStatic(Ljava/lang/Object;Ljava/lang/Object;Ljava/lang/Object;Ljava/lang/Object;Ljava/lang/Object;Ljava/lang/Object;Ljava/lang/Object;Ljava/lan
Event: 0.689 Thread 0x0000021dad950000 Exception <a 'java/lang/NoSuchMethodError'{0x0000000088a27b88}: java.lang.invoke.DirectMethodHandle$Holder.invokeStatic(Ljava/lang/Object;Ljava/lang/Object;Ljava/lang/Object;Ljava/lang/Object;Ljava/lang/Object;Ljava/lang/Object;Ljava/lang/Object;Ljava/lan
Event: 0.711 Thread 0x0000021dad950000 Exception <a 'java/lang/NoSuchMethodError'{0x0000000088aee3f0}: java.lang.invoke.DirectMethodHandle$Holder.invokeSpecial(Ljava/lang/Object;Ljava/lang/Object;IILjava/lang/Object;Ljava/lang/Object;Ljava/lang/Object;Ljava/lang/Object;)Ljava/lang/Object;> (0x
Event: 0.712 Thread 0x0000021dad950000 Exception <a 'java/lang/NoSuchMethodError'{0x0000000088af1bf8}: java.lang.invoke.DelegatingMethodHandle$Holder.reinvoke_L(Ljava/lang/Object;IILjava/lang/Object;Ljava/lang/Object;Ljava/lang/Object;Ljava/lang/Object;)Ljava/lang/Object;> (0x0000000088af1bf8)
Event: 0.717 Thread 0x0000021dad950000 Exception <a 'java/lang/NoSuchMethodError'{0x0000000088928d28}: java.lang.invoke.DirectMethodHandle$Holder.invokeStatic(Ljava/lang/Object;Ljava/lang/Object;Ljava/lang/Object;Ljava/lang/Object;Ljava/lang/Object;Ljava/lang/Object;Ljava/lang/Object;Ljava/lan
Event: 0.720 Thread 0x0000021dad950000 Exception <a 'java/lang/NoSuchMethodError'{0x0000000088945898}: method resolution failed> (0x0000000088945898) thrown at [t:/workspace/hotspot/src/share/vm/prims/methodHandles.cpp, line 1256]
Event: 0.723 Thread 0x0000021dad950000 Exception <a 'java/lang/NoSuchMethodError'{0x0000000088963d50}: method resolution failed> (0x0000000088963d50) thrown at [t:/workspace/hotspot/src/share/vm/prims/methodHandles.cpp, line 1256]
Event: 0.725 Thread 0x0000021dad950000 Exception <a 'java/lang/NoSuchMethodError'{0x0000000088983490}: method resolution failed> (0x0000000088983490) thrown at [t:/workspace/hotspot/src/share/vm/prims/methodHandles.cpp, line 1256]
Event: 1.186 Thread 0x0000021dad950000 Implicit null exception at 0x0000021dc18597af to 0x0000021dc185981d
Event: 1.363 Thread 0x0000021dd183e800 Implicit null exception at 0x0000021dc18ce52e to 0x0000021dc18ce69d

Events (10 events):
Event: 1.386 loading class java/text/AttributedCharacterIterator done
Event: 1.386 loading class java/text/AttributedString$AttributedStringIterator done
Event: 1.386 Executing VM operation: Deoptimize
Event: 1.387 Executing VM operation: Deoptimize done
Event: 1.387 loading class java/awt/event/ContainerEvent
Event: 1.387 loading class java/awt/event/ContainerEvent done
Event: 1.387 loading class java/applet/Applet
Event: 1.388 loading class java/awt/Panel
Event: 1.388 loading class java/awt/Panel done
Event: 1.388 loading class java/applet/Applet done


Dynamic libraries:
0x00007ff775cd0000 - 0x00007ff775d0e000 	C:\Program Files\Java\jdk-9.0.4\bin\javaw.exe
0x00007ffd6b260000 - 0x00007ffd6b441000 	C:\WINDOWS\SYSTEM32\ntdll.dll
0x00007ffd69290000 - 0x00007ffd69341000 	C:\WINDOWS\System32\KERNEL32.DLL
0x00007ffd67fe0000 - 0x00007ffd68253000 	C:\WINDOWS\System32\KERNELBASE.dll
0x00007ffd69090000 - 0x00007ffd69131000 	C:\WINDOWS\System32\ADVAPI32.dll
0x00007ffd691f0000 - 0x00007ffd6928e000 	C:\WINDOWS\System32\msvcrt.dll
0x00007ffd69350000 - 0x00007ffd693ab000 	C:\WINDOWS\System32\sechost.dll
0x00007ffd68da0000 - 0x00007ffd68ec4000 	C:\WINDOWS\System32\RPCRT4.dll
0x00007ffd69550000 - 0x00007ffd696e0000 	C:\WINDOWS\System32\USER32.dll
0x00007ffd68260000 - 0x00007ffd68280000 	C:\WINDOWS\System32\win32u.dll
0x00007ffd696f0000 - 0x00007ffd69718000 	C:\WINDOWS\System32\GDI32.dll
0x00007ffd67e40000 - 0x00007ffd67fd2000 	C:\WINDOWS\System32\gdi32full.dll
0x00007ffd67d40000 - 0x00007ffd67ddf000 	C:\WINDOWS\System32\msvcp_win.dll
0x00007ffd685f0000 - 0x00007ffd686e8000 	C:\WINDOWS\System32\ucrtbase.dll
0x00007ffd4fcc0000 - 0x00007ffd4ff29000 	C:\WINDOWS\WinSxS\amd64_microsoft.windows.common-controls_6595b64144ccf1df_6.0.17134.706_none_fb43a2cb30647007\COMCTL32.dll
0x00007ffd5d3f0000 - 0x00007ffd5d3fa000 	C:\WINDOWS\SYSTEM32\VERSION.dll
0x00007ffd69890000 - 0x00007ffd69bb2000 	C:\WINDOWS\System32\combase.dll
0x00007ffd68570000 - 0x00007ffd685ea000 	C:\WINDOWS\System32\bcryptPrimitives.dll
0x00007ffd6b200000 - 0x00007ffd6b22d000 	C:\WINDOWS\System32\IMM32.DLL
0x00007ffd43e90000 - 0x00007ffd43f7f000 	C:\Program Files\Java\jdk-9.0.4\bin\msvcr120.dll
0x00007ffd45b20000 - 0x00007ffd45bc6000 	C:\Program Files\Java\jdk-9.0.4\bin\msvcp120.dll
0x0000000063e80000 - 0x00000000648a5000 	C:\Program Files\Java\jdk-9.0.4\bin\server\jvm.dll
0x00007ffd693b0000 - 0x00007ffd693b8000 	C:\WINDOWS\System32\PSAPI.DLL
0x00007ffd65430000 - 0x00007ffd65453000 	C:\WINDOWS\SYSTEM32\WINMM.dll
0x00007ffd4f670000 - 0x00007ffd4f679000 	C:\WINDOWS\SYSTEM32\WSOCK32.dll
0x00007ffd69720000 - 0x00007ffd6978c000 	C:\WINDOWS\System32\WS2_32.dll
0x00007ffd652f0000 - 0x00007ffd6531a000 	C:\WINDOWS\SYSTEM32\winmmbase.dll
0x00007ffd68470000 - 0x00007ffd684b9000 	C:\WINDOWS\System32\cfgmgr32.dll
0x00007ffd654a0000 - 0x00007ffd654af000 	C:\Program Files\Java\jdk-9.0.4\bin\verify.dll
0x00007ffd5d5c0000 - 0x00007ffd5d5e7000 	C:\Program Files\Java\jdk-9.0.4\bin\java.dll
0x00007ffd514b0000 - 0x00007ffd514e6000 	C:\Program Files\Java\jdk-9.0.4\bin\jdwp.dll
0x00007ffd5e720000 - 0x00007ffd5e736000 	C:\Program Files\Java\jdk-9.0.4\bin\zip.dll
0x00007ffd63580000 - 0x00007ffd6358a000 	C:\Program Files\Java\jdk-9.0.4\bin\jimage.dll
0x00007ffd69dc0000 - 0x00007ffd6b200000 	C:\WINDOWS\System32\SHELL32.dll
0x00007ffd69140000 - 0x00007ffd691e9000 	C:\WINDOWS\System32\shcore.dll
0x00007ffd67630000 - 0x00007ffd67d3d000 	C:\WINDOWS\System32\windows.storage.dll
0x00007ffd68d40000 - 0x00007ffd68d91000 	C:\WINDOWS\System32\shlwapi.dll
0x00007ffd67610000 - 0x00007ffd67621000 	C:\WINDOWS\System32\kernel.appcore.dll
0x00007ffd675c0000 - 0x00007ffd675df000 	C:\WINDOWS\System32\profapi.dll
0x00007ffd67570000 - 0x00007ffd675bc000 	C:\WINDOWS\System32\powrprof.dll
0x00007ffd675e0000 - 0x00007ffd675ea000 	C:\WINDOWS\System32\FLTLIB.DLL
0x00007ffd59e60000 - 0x00007ffd59e7a000 	C:\Program Files\Java\jdk-9.0.4\bin\net.dll
0x00007ffd5c010000 - 0x00007ffd5c0ed000 	C:\WINDOWS\SYSTEM32\WINHTTP.dll
0x00007ffd66df0000 - 0x00007ffd66e56000 	C:\WINDOWS\system32\mswsock.dll
0x00007ffd57690000 - 0x00007ffd576a1000 	C:\Program Files\Java\jdk-9.0.4\bin\nio.dll
0x00007ffd5f390000 - 0x00007ffd5f39a000 	C:\Program Files\Java\jdk-9.0.4\bin\dt_socket.dll
0x00007ffd66bb0000 - 0x00007ffd66c6e000 	C:\WINDOWS\SYSTEM32\DNSAPI.dll
0x00007ffd69540000 - 0x00007ffd69548000 	C:\WINDOWS\System32\NSI.dll
0x00007ffd66b70000 - 0x00007ffd66ba8000 	C:\WINDOWS\SYSTEM32\IPHLPAPI.DLL
0x00007ffd5bf90000 - 0x00007ffd5c002000 	C:\WINDOWS\System32\fwpuclnt.dll
0x00007ffd670d0000 - 0x00007ffd670f5000 	C:\WINDOWS\SYSTEM32\bcrypt.dll
0x00007ffd5bc40000 - 0x00007ffd5bc4a000 	C:\Windows\System32\rasadhlp.dll
0x00007ffd3ac70000 - 0x00007ffd3ae09000 	C:\Program Files\Java\jdk-9.0.4\bin\awt.dll
0x00007ffd68fc0000 - 0x00007ffd69082000 	C:\WINDOWS\System32\OLEAUT32.dll
0x00007ffd63f10000 - 0x00007ffd644d7000 	C:\WINDOWS\SYSTEM32\d2d1.dll
0x00007ffd65550000 - 0x00007ffd655db000 	C:\WINDOWS\SYSTEM32\apphelp.dll
0x00007ffd65930000 - 0x00007ffd65959000 	C:\WINDOWS\system32\DWMAPI.DLL
0x00007ffd65850000 - 0x00007ffd658e8000 	C:\WINDOWS\system32\uxtheme.dll
0x00007ffd5e7c0000 - 0x00007ffd5e8e0000 	C:\WINDOWS\system32\opengl32.dll
0x00007ffd5e750000 - 0x00007ffd5e77c000 	C:\WINDOWS\SYSTEM32\GLU32.dll
0x00007ffd693c0000 - 0x00007ffd69533000 	C:\WINDOWS\System32\MSCTF.dll
0x00007ffd68be0000 - 0x00007ffd68d31000 	C:\WINDOWS\System32\ole32.dll
0x00007ffd4eb60000 - 0x00007ffd4eb8b000 	C:\Program Files\Java\jdk-9.0.4\bin\javajpeg.dll
0x00007ffd43df0000 - 0x00007ffd43e8d000 	C:\Program Files\Java\jdk-9.0.4\bin\fontmanager.dll
0x00007ffd4ea50000 - 0x00007ffd4ea92000 	C:\Program Files\Java\jdk-9.0.4\bin\t2k.dll
0x00007ffd68b40000 - 0x00007ffd68be0000 	C:\WINDOWS\System32\clbcatq.dll
0x00007ffd63270000 - 0x00007ffd6341e000 	C:\WINDOWS\SYSTEM32\WindowsCodecs.dll
0x00007ffd55740000 - 0x00007ffd55798000 	C:\WINDOWS\system32\dataexchange.dll
0x00007ffd64d30000 - 0x00007ffd64ecc000 	C:\WINDOWS\system32\dcomp.dll
0x00007ffd644e0000 - 0x00007ffd647eb000 	C:\WINDOWS\system32\d3d11.dll
0x00007ffd66330000 - 0x00007ffd663eb000 	C:\WINDOWS\system32\dxgi.dll
0x00007ffd65a70000 - 0x00007ffd65c28000 	C:\WINDOWS\system32\twinapi.appcore.dll
0x00007ffd65a10000 - 0x00007ffd65a39000 	C:\WINDOWS\system32\RMCLIENT.dll
0x00007ffd5eb10000 - 0x00007ffd5eba6000 	C:\WINDOWS\System32\TextInputFramework.dll
0x00007ffd627c0000 - 0x00007ffd62ade000 	C:\WINDOWS\System32\CoreUIComponents.dll
0x00007ffd66690000 - 0x00007ffd666c1000 	C:\WINDOWS\SYSTEM32\ntmarta.dll
0x00007ffd64ed0000 - 0x00007ffd64faa000 	C:\WINDOWS\System32\CoreMessaging.dll
0x00007ffd62ae0000 - 0x00007ffd62c2d000 	C:\WINDOWS\SYSTEM32\wintypes.dll
0x00007ffd43a20000 - 0x00007ffd43af1000 	C:\Windows\System32\IME\IMEKR\imkrtip.dll
0x00007ffd63af0000 - 0x00007ffd63ca4000 	C:\WINDOWS\SYSTEM32\PROPSYS.dll
0x00007ffd42070000 - 0x00007ffd421c6000 	C:\Windows\System32\IME\shared\imetip.dll
0x00007ffd59490000 - 0x00007ffd594fb000 	C:\WINDOWS\SYSTEM32\OLEACC.dll
0x00007ffd3f0c0000 - 0x00007ffd3f26b000 	C:\WINDOWS\SYSTEM32\DUI70.dll
0x00007ffd44c20000 - 0x00007ffd44c5d000 	C:\Windows\System32\IME\IMEKR\imkrapi.dll
0x00007ffd44170000 - 0x00007ffd441b0000 	C:\Windows\System32\IME\shared\imjkapi.dll

VM Arguments:
jvm_args: -agentlib:jdwp=transport=dt_socket,suspend=y,address=localhost:13118 -Dfile.encoding=MS949 
java_command: jCompanyCafe.MainFrame
java_class_path (initial): C:\Users\SAMSUNG\eclipse-workspace\FinalTest\bin;C:\Users\SAMSUNG\Desktop\mysql-connector-java-8.0.16.jar
Launcher Type: SUN_STANDARD

Logging:
Log output configuration:
#0: stdout all=warning uptime,level,tags
#1: stderr all=off uptime,level,tags

Environment Variables:
CLASSPATH=C:\Program Files\Java\jdk-9.0.4\lib;
PATH=C:/Program Files/Java/jdk-9.0.4/bin/server;C:/Program Files/Java/jdk-9.0.4/bin;C:\oraclexe\app\oracle\product\11.2.0\server\bin;;C:\Program Files\Java\jdk-9.0.4\bin;C:\Program Files (x86)\Intel\iCLS Client\;C:\Program Files\Intel\iCLS Client\;C:\WINDOWS\system32;C:\WINDOWS;C:\WINDOWS\System32\Wbem;C:\WINDOWS\System32\WindowsPowerShell\v1.0\;C:\Program Files (x86)\Intel\Intel(R) Management Engine Components\DAL;C:\Program Files\Intel\Intel(R) Management Engine Components\DAL;C:\Program Files (x86)\Intel\Intel(R) Management Engine Components\IPT;C:\Program Files\Intel\Intel(R) Management Engine Components\IPT;C:\Program Files (x86)\Windows Live\Shared;C:\Program Files (x86)\Windows Kits\10\Windows Performance Toolkit\;C:\WINDOWS\System32\OpenSSH\;C:\Program Files\Intel\WiFi\bin\;C:\Program Files\Common Files\Intel\WirelessCommon\;C:\Users\SAMSUNG\AppData\Local\Microsoft\WindowsApps;C:\Program Files\Intel\WiFi\bin\;C:\Program Files\Common Files\Intel\WirelessCommon\;;C:\eclipse-jee-oxygen-3a-win32-x86_64\eclipse;
USERNAME=SAMSUNG
OS=Windows_NT
PROCESSOR_IDENTIFIER=Intel64 Family 6 Model 142 Stepping 9, GenuineIntel



---------------  S Y S T E M  ---------------

OS: Windows 10 , 64 bit Build 17134 (10.0.17134.706)

CPU:total 4 (initial active 4) (2 cores per cpu, 2 threads per core) family 6 model 142 stepping 9, cmov, cx8, fxsr, mmx, sse, sse2, sse3, ssse3, sse4.1, sse4.2, popcnt, avx, avx2, aes, clmul, erms, 3dnowpref, lzcnt, ht, tsc, tscinvbit, bmi1, bmi2, adx, fma

Memory: 4k page, physical 8298224k(3826048k free), swap 13757372k(5128k free)

vm_info: Java HotSpot(TM) 64-Bit Server VM (9.0.4+11) for windows-amd64 JRE (9.0.4+11), built on Dec 20 2017 02:18:54 by "mach5one" with MS VC++ 12.0 (VS2013)

END.
