#
# There is insufficient memory for the Java Runtime Environment to continue.
# Native memory allocation (malloc) failed to allocate 32744 bytes for ChunkPool::allocate
# Possible reasons:
#   The system is out of physical RAM or swap space
#   The process is running with CompressedOops enabled, and the Java Heap may be blocking the growth of the native heap
# Possible solutions:
#   Reduce memory load on the system
#   Increase physical memory or swap space
#   Check if swap backing store is full
#   Decrease Java heap size (-Xmx/-Xms)
#   Decrease number of Java threads
#   Decrease Java thread stack sizes (-Xss)
#   Set larger code cache with -XX:ReservedCodeCacheSize=
#   JVM is running with Unscaled Compressed Oops mode in which the Java heap is
#     placed in the first 4GB address space. The Java Heap base address is the
#     maximum limit for the native heap growth. Please use -XX:HeapBaseMinAddress
#     to set the Java Heap base and to place the Java Heap above 4GB virtual address.
# This output file may be truncated or incomplete.
#
#  Out of Memory Error (t:/workspace/hotspot/src/share/vm/memory/allocation.cpp:256), pid=22064, tid=244
#
# JRE version: Java(TM) SE Runtime Environment (9.0+11) (build 9.0.4+11)
# Java VM: Java HotSpot(TM) 64-Bit Server VM (9.0.4+11, mixed mode, tiered, compressed oops, g1 gc, windows-amd64)
# No core dump will be written. Minidumps are not enabled by default on client versions of Windows
#

---------------  S U M M A R Y ------------

Command Line: -agentlib:jdwp=transport=dt_socket,suspend=y,address=localhost:13116 -Dfile.encoding=MS949 jCompanyCafe.MainFrame

Host: Intel(R) Core(TM) i5-7200U CPU @ 2.50GHz, 4 cores, 7G,  Windows 10 , 64 bit Build 17134 (10.0.17134.706)
Time: Mon Jun 10 20:28:21 2019 ¢¥eCN©öI¡¾©ö C¡ÍA¨ª¨öA elapsed time: 1 seconds (0d 0h 0m 1s)

---------------  T H R E A D  ---------------

Current thread (0x000001ddcc114800):  JavaThread "C2 CompilerThread0" daemon [_thread_in_native, id=244, stack(0x0000008bc9100000,0x0000008bc9200000)]


Current CompileTask:
C2:   1932 1379       4       sun.font.TrueTypeFont::initAllNames (179 bytes)

Stack: [0x0000008bc9100000,0x0000008bc9200000]
Native frames: (J=compiled Java code, j=interpreted, Vv=VM code, C=native code)
V  [jvm.dll+0x587068]

[error occurred during error reporting (printing native stack), id 0xe0000001]


---------------  P R O C E S S  ---------------

Java Threads: ( => current thread )
  0x000001dda8aaf800 JavaThread "DestroyJavaVM" [_thread_blocked, id=3020, stack(0x0000008bc8000000,0x0000008bc8100000)]
  0x000001ddcce50800 JavaThread "AWT-EventQueue-0" [_thread_blocked, id=3356, stack(0x0000008bca300000,0x0000008bca400000)]
  0x000001ddccf55800 JavaThread "Image Fetcher 3" daemon [_thread_blocked, id=13328, stack(0x0000008bca200000,0x0000008bca300000)]
  0x000001ddccf86000 JavaThread "Image Fetcher 2" daemon [_thread_blocked, id=16452, stack(0x0000008bca100000,0x0000008bca200000)]
  0x000001ddce7a1800 JavaThread "Image Fetcher 1" daemon [_thread_blocked, id=11448, stack(0x0000008bca000000,0x0000008bca100000)]
  0x000001ddce1e4000 JavaThread "Image Fetcher 0" daemon [_thread_blocked, id=20816, stack(0x0000008bc9f00000,0x0000008bca000000)]
  0x000001ddcc87e000 JavaThread "AWT-Windows" daemon [_thread_in_native, id=22180, stack(0x0000008bc9e00000,0x0000008bc9f00000)]
  0x000001ddcc814000 JavaThread "AWT-Shutdown" [_thread_blocked, id=9908, stack(0x0000008bc9d00000,0x0000008bc9e00000)]
  0x000001ddcc8c6000 JavaThread "Java2D Disposer" daemon [_thread_blocked, id=20400, stack(0x0000008bc9c00000,0x0000008bc9d00000)]
  0x000001ddcc466800 JavaThread "Service Thread" daemon [_thread_blocked, id=7592, stack(0x0000008bc9a00000,0x0000008bc9b00000)]
  0x000001ddcc45a800 JavaThread "JDWP Command Reader" daemon [_thread_in_native, id=10396, stack(0x0000008bc9900000,0x0000008bc9a00000)]
  0x000001ddcc458000 JavaThread "JDWP Event Helper Thread" daemon [_thread_blocked, id=12724, stack(0x0000008bc9800000,0x0000008bc9900000)]
  0x000001ddcc455000 JavaThread "JDWP Transport Listener: dt_socket" daemon [_thread_blocked, id=9240, stack(0x0000008bc9700000,0x0000008bc9800000)]
  0x000001ddcc213000 JavaThread "Common-Cleaner" daemon [_thread_blocked, id=14364, stack(0x0000008bc9500000,0x0000008bc9600000)]
  0x000001ddcc1f4800 JavaThread "Sweeper thread" daemon [_thread_blocked, id=17028, stack(0x0000008bc9400000,0x0000008bc9500000)]
  0x000001ddcc1e7800 JavaThread "C1 CompilerThread2" daemon [_thread_blocked, id=8004, stack(0x0000008bc9300000,0x0000008bc9400000)]
  0x000001ddcc1e5000 JavaThread "C2 CompilerThread1" daemon [_thread_blocked, id=22076, stack(0x0000008bc9200000,0x0000008bc9300000)]
=>0x000001ddcc114800 JavaThread "C2 CompilerThread0" daemon [_thread_in_native, id=244, stack(0x0000008bc9100000,0x0000008bc9200000)]
  0x000001ddcc179000 JavaThread "Attach Listener" daemon [_thread_blocked, id=21788, stack(0x0000008bc9000000,0x0000008bc9100000)]
  0x000001ddcc112800 JavaThread "Signal Dispatcher" daemon [_thread_blocked, id=13944, stack(0x0000008bc8f00000,0x0000008bc9000000)]
  0x000001ddcc105800 JavaThread "Finalizer" daemon [_thread_blocked, id=9504, stack(0x0000008bc8e00000,0x0000008bc8f00000)]
  0x000001ddcc119800 JavaThread "Reference Handler" daemon [_thread_blocked, id=7764, stack(0x0000008bc8d00000,0x0000008bc8e00000)]

Other Threads:
  0x000001ddcc104800 VMThread "VM Thread" [stack: 0x0000008bc8c00000,0x0000008bc8d00000] [id=17176]
  0x000001ddcc468000 WatcherThread [stack: 0x0000008bc9b00000,0x0000008bc9c00000] [id=8724]
  0x000001dda8ac7000 GCTaskThread "GC Thread#0" [stack: 0x0000008bc8100000,0x0000008bc8200000] [id=5564]
  0x000001dda8ac8800 GCTaskThread "GC Thread#1" [stack: 0x0000008bc8200000,0x0000008bc8300000] [id=6860]
  0x000001dda8acb800 GCTaskThread "GC Thread#2" [stack: 0x0000008bc8300000,0x0000008bc8400000] [id=12976]
  0x000001dda8acc800 GCTaskThread "GC Thread#3" [stack: 0x0000008bc8400000,0x0000008bc8500000] [id=16720]
  0x000001dda8b52800 ConcurrentGCThread "G1 Main Marker" [stack: 0x0000008bc8a00000,0x0000008bc8b00000] [id=3316]
  0x000001dda8b55800 ConcurrentGCThread "G1 Marker#0" [stack: 0x0000008bc8b00000,0x0000008bc8c00000] [id=21508]
  0x000001dda8ade000 ConcurrentGCThread "G1 Refine#0" [stack: 0x0000008bc8800000,0x0000008bc8900000] [id=14980]
  0x000001dda8ad9800 ConcurrentGCThread "G1 Refine#1" [stack: 0x0000008bc8700000,0x0000008bc8800000] [id=16680]
  0x000001dda8ad3000 ConcurrentGCThread "G1 Refine#2" [stack: 0x0000008bc8600000,0x0000008bc8700000] [id=12616]
  0x000001dda8ad2000 ConcurrentGCThread "G1 Refine#3" [stack: 0x0000008bc8500000,0x0000008bc8600000] [id=7656]
  0x000001dda8aed800 ConcurrentGCThread "G1 Young RemSet Sampling" [stack: 0x0000008bc8900000,0x0000008bc8a00000] [id=22104]

Threads with active compile tasks:
C2 CompilerThread01379       4       sun.font.TrueTypeFont::initAllNames (179 bytes)

VM state:not at safepoint (normal execution)

VM Mutex/Monitor currently owned by a thread: None

Heap address: 0x0000000081600000, size: 2026 MB, Compressed Oops mode: 32-bit
Narrow klass base: 0x0000000000000000, Narrow klass shift: 3
Compressed class space size: 1073741824 Address: 0x0000000100000000

Heap:
 garbage-first heap   total 131072K, used 14546K [0x0000000081600000, 0x0000000081700400, 0x0000000100000000)
  region size 1024K, 7 young (7168K), 2 survivors (2048K)
 Metaspace       used 16690K, capacity 17704K, committed 17920K, reserved 1064960K
  class space    used 1812K, capacity 2026K, committed 2048K, reserved 1048576K
Heap Regions: E=young(eden), S=young(survivor), O=old, HS=humongous(starts), HC=humongous(continues), CS=collection set, F=free, A=archive, TS=gc time stamp, AC=allocation context, TAMS=top-at-mark-start (previous, next)
|   0|0x0000000081600000, 0x0000000081700000, 0x0000000081700000|100%| O|  |TS  3|AC  0|TAMS 0x0000000081600000, 0x0000000081600000|
|   1|0x0000000081700000, 0x0000000081800000, 0x0000000081800000|100%| O|  |TS  1|AC  0|TAMS 0x0000000081700000, 0x0000000081700000|
|   2|0x0000000081800000, 0x0000000081900000, 0x0000000081900000|100%| O|  |TS  1|AC  0|TAMS 0x0000000081800000, 0x0000000081800000|
|   3|0x0000000081900000, 0x0000000081a00000, 0x0000000081a00000|100%| O|  |TS  3|AC  0|TAMS 0x0000000081900000, 0x0000000081900000|
|   4|0x0000000081a00000, 0x0000000081a0d808, 0x0000000081b00000|  5%| O|  |TS  3|AC  0|TAMS 0x0000000081a00000, 0x0000000081a00000|
|   5|0x0000000081b00000, 0x0000000081c00000, 0x0000000081c00000|100%|HS|  |TS  0|AC  0|TAMS 0x0000000081b00000, 0x0000000081b00000|
|   6|0x0000000081c00000, 0x0000000081d00000, 0x0000000081d00000|100%|HC|  |TS  0|AC  0|TAMS 0x0000000081c00000, 0x0000000081c00000|
|   7|0x0000000081d00000, 0x0000000081e00000, 0x0000000081e00000|100%|HC|  |TS  0|AC  0|TAMS 0x0000000081d00000, 0x0000000081d00000|
|   8|0x0000000081e00000, 0x0000000081f00000, 0x0000000081f00000|100%|HC|  |TS  0|AC  0|TAMS 0x0000000081e00000, 0x0000000081e00000|
|   9|0x0000000081f00000, 0x0000000082000000, 0x0000000082000000|100%|HC|  |TS  0|AC  0|TAMS 0x0000000081f00000, 0x0000000081f00000|
|  10|0x0000000082000000, 0x0000000082000000, 0x0000000082100000|  0%| F|  |TS  0|AC  0|TAMS 0x0000000082000000, 0x0000000082000000|
|  11|0x0000000082100000, 0x0000000082100000, 0x0000000082200000|  0%| F|  |TS  0|AC  0|TAMS 0x0000000082100000, 0x0000000082100000|
|  12|0x0000000082200000, 0x0000000082200000, 0x0000000082300000|  0%| F|  |TS  0|AC  0|TAMS 0x0000000082200000, 0x0000000082200000|
|  13|0x0000000082300000, 0x0000000082300000, 0x0000000082400000|  0%| F|  |TS  0|AC  0|TAMS 0x0000000082300000, 0x0000000082300000|
|  14|0x0000000082400000, 0x0000000082400000, 0x0000000082500000|  0%| F|  |TS  0|AC  0|TAMS 0x0000000082400000, 0x0000000082400000|
|  15|0x0000000082500000, 0x0000000082500000, 0x0000000082600000|  0%| F|  |TS  0|AC  0|TAMS 0x0000000082500000, 0x0000000082500000|
|  16|0x0000000082600000, 0x0000000082600000, 0x0000000082700000|  0%| F|  |TS  0|AC  0|TAMS 0x0000000082600000, 0x0000000082600000|
|  17|0x0000000082700000, 0x0000000082700000, 0x0000000082800000|  0%| F|  |TS  0|AC  0|TAMS 0x0000000082700000, 0x0000000082700000|
|  18|0x0000000082800000, 0x0000000082800000, 0x0000000082900000|  0%| F|  |TS  0|AC  0|TAMS 0x0000000082800000, 0x0000000082800000|
|  19|0x0000000082900000, 0x0000000082900000, 0x0000000082a00000|  0%| F|  |TS  0|AC  0|TAMS 0x0000000082900000, 0x0000000082900000|
|  20|0x0000000082a00000, 0x0000000082a00000, 0x0000000082b00000|  0%| F|  |TS  0|AC  0|TAMS 0x0000000082a00000, 0x0000000082a00000|
|  21|0x0000000082b00000, 0x0000000082b00000, 0x0000000082c00000|  0%| F|  |TS  0|AC  0|TAMS 0x0000000082b00000, 0x0000000082b00000|
|  22|0x0000000082c00000, 0x0000000082c00000, 0x0000000082d00000|  0%| F|  |TS  0|AC  0|TAMS 0x0000000082c00000, 0x0000000082c00000|
|  23|0x0000000082d00000, 0x0000000082d00000, 0x0000000082e00000|  0%| F|  |TS  0|AC  0|TAMS 0x0000000082d00000, 0x0000000082d00000|
|  24|0x0000000082e00000, 0x0000000082e00000, 0x0000000082f00000|  0%| F|  |TS  0|AC  0|TAMS 0x0000000082e00000, 0x0000000082e00000|
|  25|0x0000000082f00000, 0x0000000082f00000, 0x0000000083000000|  0%| F|  |TS  0|AC  0|TAMS 0x0000000082f00000, 0x0000000082f00000|
|  26|0x0000000083000000, 0x0000000083000000, 0x0000000083100000|  0%| F|  |TS  0|AC  0|TAMS 0x0000000083000000, 0x0000000083000000|
|  27|0x0000000083100000, 0x0000000083100000, 0x0000000083200000|  0%| F|  |TS  0|AC  0|TAMS 0x0000000083100000, 0x0000000083100000|
|  28|0x0000000083200000, 0x0000000083200000, 0x0000000083300000|  0%| F|  |TS  0|AC  0|TAMS 0x0000000083200000, 0x0000000083200000|
|  29|0x0000000083300000, 0x0000000083300000, 0x0000000083400000|  0%| F|  |TS  0|AC  0|TAMS 0x0000000083300000, 0x0000000083300000|
|  30|0x0000000083400000, 0x0000000083400000, 0x0000000083500000|  0%| F|  |TS  0|AC  0|TAMS 0x0000000083400000, 0x0000000083400000|
|  31|0x0000000083500000, 0x0000000083500000, 0x0000000083600000|  0%| F|  |TS  0|AC  0|TAMS 0x0000000083500000, 0x0000000083500000|
|  32|0x0000000083600000, 0x0000000083600000, 0x0000000083700000|  0%| F|  |TS  0|AC  0|TAMS 0x0000000083600000, 0x0000000083600000|
|  33|0x0000000083700000, 0x0000000083700000, 0x0000000083800000|  0%| F|  |TS  0|AC  0|TAMS 0x0000000083700000, 0x0000000083700000|
|  34|0x0000000083800000, 0x0000000083800000, 0x0000000083900000|  0%| F|  |TS  0|AC  0|TAMS 0x0000000083800000, 0x0000000083800000|
|  35|0x0000000083900000, 0x0000000083900000, 0x0000000083a00000|  0%| F|  |TS  0|AC  0|TAMS 0x0000000083900000, 0x0000000083900000|
|  36|0x0000000083a00000, 0x0000000083a00000, 0x0000000083b00000|  0%| F|  |TS  0|AC  0|TAMS 0x0000000083a00000, 0x0000000083a00000|
|  37|0x0000000083b00000, 0x0000000083b00000, 0x0000000083c00000|  0%| F|  |TS  0|AC  0|TAMS 0x0000000083b00000, 0x0000000083b00000|
|  38|0x0000000083c00000, 0x0000000083c00000, 0x0000000083d00000|  0%| F|  |TS  0|AC  0|TAMS 0x0000000083c00000, 0x0000000083c00000|
|  39|0x0000000083d00000, 0x0000000083d00000, 0x0000000083e00000|  0%| F|  |TS  0|AC  0|TAMS 0x0000000083d00000, 0x0000000083d00000|
|  40|0x0000000083e00000, 0x0000000083e00000, 0x0000000083f00000|  0%| F|  |TS  0|AC  0|TAMS 0x0000000083e00000, 0x0000000083e00000|
|  41|0x0000000083f00000, 0x0000000083f00000, 0x0000000084000000|  0%| F|  |TS  0|AC  0|TAMS 0x0000000083f00000, 0x0000000083f00000|
|  42|0x0000000084000000, 0x0000000084000000, 0x0000000084100000|  0%| F|  |TS  0|AC  0|TAMS 0x0000000084000000, 0x0000000084000000|
|  43|0x0000000084100000, 0x0000000084100000, 0x0000000084200000|  0%| F|  |TS  0|AC  0|TAMS 0x0000000084100000, 0x0000000084100000|
|  44|0x0000000084200000, 0x0000000084200000, 0x0000000084300000|  0%| F|  |TS  0|AC  0|TAMS 0x0000000084200000, 0x0000000084200000|
|  45|0x0000000084300000, 0x0000000084300000, 0x0000000084400000|  0%| F|  |TS  0|AC  0|TAMS 0x0000000084300000, 0x0000000084300000|
|  46|0x0000000084400000, 0x0000000084400000, 0x0000000084500000|  0%| F|  |TS  0|AC  0|TAMS 0x0000000084400000, 0x0000000084400000|
|  47|0x0000000084500000, 0x0000000084500000, 0x0000000084600000|  0%| F|  |TS  0|AC  0|TAMS 0x0000000084500000, 0x0000000084500000|
|  48|0x0000000084600000, 0x0000000084600000, 0x0000000084700000|  0%| F|  |TS  0|AC  0|TAMS 0x0000000084600000, 0x0000000084600000|
|  49|0x0000000084700000, 0x0000000084700000, 0x0000000084800000|  0%| F|  |TS  0|AC  0|TAMS 0x0000000084700000, 0x0000000084700000|
|  50|0x0000000084800000, 0x0000000084800000, 0x0000000084900000|  0%| F|  |TS  0|AC  0|TAMS 0x0000000084800000, 0x0000000084800000|
|  51|0x0000000084900000, 0x0000000084900000, 0x0000000084a00000|  0%| F|  |TS  0|AC  0|TAMS 0x0000000084900000, 0x0000000084900000|
|  52|0x0000000084a00000, 0x0000000084a00000, 0x0000000084b00000|  0%| F|  |TS  0|AC  0|TAMS 0x0000000084a00000, 0x0000000084a00000|
|  53|0x0000000084b00000, 0x0000000084b00000, 0x0000000084c00000|  0%| F|  |TS  0|AC  0|TAMS 0x0000000084b00000, 0x0000000084b00000|
|  54|0x0000000084c00000, 0x0000000084c00000, 0x0000000084d00000|  0%| F|  |TS  0|AC  0|TAMS 0x0000000084c00000, 0x0000000084c00000|
|  55|0x0000000084d00000, 0x0000000084d00000, 0x0000000084e00000|  0%| F|  |TS  0|AC  0|TAMS 0x0000000084d00000, 0x0000000084d00000|
|  56|0x0000000084e00000, 0x0000000084e00000, 0x0000000084f00000|  0%| F|  |TS  0|AC  0|TAMS 0x0000000084e00000, 0x0000000084e00000|
|  57|0x0000000084f00000, 0x0000000084f00000, 0x0000000085000000|  0%| F|  |TS  0|AC  0|TAMS 0x0000000084f00000, 0x0000000084f00000|
|  58|0x0000000085000000, 0x0000000085000000, 0x0000000085100000|  0%| F|  |TS  0|AC  0|TAMS 0x0000000085000000, 0x0000000085000000|
|  59|0x0000000085100000, 0x0000000085100000, 0x0000000085200000|  0%| F|  |TS  0|AC  0|TAMS 0x0000000085100000, 0x0000000085100000|
|  60|0x0000000085200000, 0x0000000085200000, 0x0000000085300000|  0%| F|  |TS  0|AC  0|TAMS 0x0000000085200000, 0x0000000085200000|
|  61|0x0000000085300000, 0x0000000085300000, 0x0000000085400000|  0%| F|  |TS  0|AC  0|TAMS 0x0000000085300000, 0x0000000085300000|
|  62|0x0000000085400000, 0x0000000085400000, 0x0000000085500000|  0%| F|  |TS  0|AC  0|TAMS 0x0000000085400000, 0x0000000085400000|
|  63|0x0000000085500000, 0x0000000085500000, 0x0000000085600000|  0%| F|  |TS  0|AC  0|TAMS 0x0000000085500000, 0x0000000085500000|
|  64|0x0000000085600000, 0x0000000085600000, 0x0000000085700000|  0%| F|  |TS  0|AC  0|TAMS 0x0000000085600000, 0x0000000085600000|
|  65|0x0000000085700000, 0x0000000085700000, 0x0000000085800000|  0%| F|  |TS  0|AC  0|TAMS 0x0000000085700000, 0x0000000085700000|
|  66|0x0000000085800000, 0x0000000085800000, 0x0000000085900000|  0%| F|  |TS  0|AC  0|TAMS 0x0000000085800000, 0x0000000085800000|
|  67|0x0000000085900000, 0x0000000085900000, 0x0000000085a00000|  0%| F|  |TS  0|AC  0|TAMS 0x0000000085900000, 0x0000000085900000|
|  68|0x0000000085a00000, 0x0000000085a00000, 0x0000000085b00000|  0%| F|  |TS  0|AC  0|TAMS 0x0000000085a00000, 0x0000000085a00000|
|  69|0x0000000085b00000, 0x0000000085b00000, 0x0000000085c00000|  0%| F|  |TS  0|AC  0|TAMS 0x0000000085b00000, 0x0000000085b00000|
|  70|0x0000000085c00000, 0x0000000085c00000, 0x0000000085d00000|  0%| F|  |TS  0|AC  0|TAMS 0x0000000085c00000, 0x0000000085c00000|
|  71|0x0000000085d00000, 0x0000000085d00000, 0x0000000085e00000|  0%| F|  |TS  0|AC  0|TAMS 0x0000000085d00000, 0x0000000085d00000|
|  72|0x0000000085e00000, 0x0000000085e00000, 0x0000000085f00000|  0%| F|  |TS  0|AC  0|TAMS 0x0000000085e00000, 0x0000000085e00000|
|  73|0x0000000085f00000, 0x0000000085f00000, 0x0000000086000000|  0%| F|  |TS  0|AC  0|TAMS 0x0000000085f00000, 0x0000000085f00000|
|  74|0x0000000086000000, 0x0000000086000000, 0x0000000086100000|  0%| F|  |TS  0|AC  0|TAMS 0x0000000086000000, 0x0000000086000000|
|  75|0x0000000086100000, 0x0000000086100000, 0x0000000086200000|  0%| F|  |TS  0|AC  0|TAMS 0x0000000086100000, 0x0000000086100000|
|  76|0x0000000086200000, 0x0000000086200000, 0x0000000086300000|  0%| F|  |TS  0|AC  0|TAMS 0x0000000086200000, 0x0000000086200000|
|  77|0x0000000086300000, 0x0000000086300000, 0x0000000086400000|  0%| F|  |TS  0|AC  0|TAMS 0x0000000086300000, 0x0000000086300000|
|  78|0x0000000086400000, 0x0000000086400000, 0x0000000086500000|  0%| F|  |TS  0|AC  0|TAMS 0x0000000086400000, 0x0000000086400000|
|  79|0x0000000086500000, 0x0000000086500000, 0x0000000086600000|  0%| F|  |TS  0|AC  0|TAMS 0x0000000086500000, 0x0000000086500000|
|  80|0x0000000086600000, 0x0000000086600000, 0x0000000086700000|  0%| F|  |TS  0|AC  0|TAMS 0x0000000086600000, 0x0000000086600000|
|  81|0x0000000086700000, 0x0000000086700000, 0x0000000086800000|  0%| F|  |TS  0|AC  0|TAMS 0x0000000086700000, 0x0000000086700000|
|  82|0x0000000086800000, 0x0000000086800000, 0x0000000086900000|  0%| F|  |TS  0|AC  0|TAMS 0x0000000086800000, 0x0000000086800000|
|  83|0x0000000086900000, 0x0000000086900000, 0x0000000086a00000|  0%| F|  |TS  0|AC  0|TAMS 0x0000000086900000, 0x0000000086900000|
|  84|0x0000000086a00000, 0x0000000086a00000, 0x0000000086b00000|  0%| F|  |TS  0|AC  0|TAMS 0x0000000086a00000, 0x0000000086a00000|
|  85|0x0000000086b00000, 0x0000000086b00000, 0x0000000086c00000|  0%| F|  |TS  0|AC  0|TAMS 0x0000000086b00000, 0x0000000086b00000|
|  86|0x0000000086c00000, 0x0000000086c00000, 0x0000000086d00000|  0%| F|  |TS  0|AC  0|TAMS 0x0000000086c00000, 0x0000000086c00000|
|  87|0x0000000086d00000, 0x0000000086d00000, 0x0000000086e00000|  0%| F|  |TS  0|AC  0|TAMS 0x0000000086d00000, 0x0000000086d00000|
|  88|0x0000000086e00000, 0x0000000086e00000, 0x0000000086f00000|  0%| F|  |TS  0|AC  0|TAMS 0x0000000086e00000, 0x0000000086e00000|
|  89|0x0000000086f00000, 0x0000000086f00000, 0x0000000087000000|  0%| F|  |TS  0|AC  0|TAMS 0x0000000086f00000, 0x0000000086f00000|
|  90|0x0000000087000000, 0x0000000087000000, 0x0000000087100000|  0%| F|  |TS  0|AC  0|TAMS 0x0000000087000000, 0x0000000087000000|
|  91|0x0000000087100000, 0x0000000087100000, 0x0000000087200000|  0%| F|  |TS  0|AC  0|TAMS 0x0000000087100000, 0x0000000087100000|
|  92|0x0000000087200000, 0x0000000087200000, 0x0000000087300000|  0%| F|  |TS  0|AC  0|TAMS 0x0000000087200000, 0x0000000087200000|
|  93|0x0000000087300000, 0x0000000087300000, 0x0000000087400000|  0%| F|  |TS  0|AC  0|TAMS 0x0000000087300000, 0x0000000087300000|
|  94|0x0000000087400000, 0x0000000087400000, 0x0000000087500000|  0%| F|  |TS  0|AC  0|TAMS 0x0000000087400000, 0x0000000087400000|
|  95|0x0000000087500000, 0x0000000087500000, 0x0000000087600000|  0%| F|  |TS  0|AC  0|TAMS 0x0000000087500000, 0x0000000087500000|
|  96|0x0000000087600000, 0x0000000087600000, 0x0000000087700000|  0%| F|  |TS  0|AC  0|TAMS 0x0000000087600000, 0x0000000087600000|
|  97|0x0000000087700000, 0x0000000087700000, 0x0000000087800000|  0%| F|  |TS  0|AC  0|TAMS 0x0000000087700000, 0x0000000087700000|
|  98|0x0000000087800000, 0x0000000087800000, 0x0000000087900000|  0%| F|  |TS  0|AC  0|TAMS 0x0000000087800000, 0x0000000087800000|
|  99|0x0000000087900000, 0x0000000087900000, 0x0000000087a00000|  0%| F|  |TS  0|AC  0|TAMS 0x0000000087900000, 0x0000000087900000|
| 100|0x0000000087a00000, 0x0000000087a00000, 0x0000000087b00000|  0%| F|  |TS  0|AC  0|TAMS 0x0000000087a00000, 0x0000000087a00000|
| 101|0x0000000087b00000, 0x0000000087b00000, 0x0000000087c00000|  0%| F|  |TS  0|AC  0|TAMS 0x0000000087b00000, 0x0000000087b00000|
| 102|0x0000000087c00000, 0x0000000087c00000, 0x0000000087d00000|  0%| F|  |TS  0|AC  0|TAMS 0x0000000087c00000, 0x0000000087c00000|
| 103|0x0000000087d00000, 0x0000000087d00000, 0x0000000087e00000|  0%| F|  |TS  0|AC  0|TAMS 0x0000000087d00000, 0x0000000087d00000|
| 104|0x0000000087e00000, 0x0000000087e00000, 0x0000000087f00000|  0%| F|  |TS  0|AC  0|TAMS 0x0000000087e00000, 0x0000000087e00000|
| 105|0x0000000087f00000, 0x0000000087f00000, 0x0000000088000000|  0%| F|  |TS  0|AC  0|TAMS 0x0000000087f00000, 0x0000000087f00000|
| 106|0x0000000088000000, 0x0000000088000000, 0x0000000088100000|  0%| F|  |TS  0|AC  0|TAMS 0x0000000088000000, 0x0000000088000000|
| 107|0x0000000088100000, 0x0000000088100000, 0x0000000088200000|  0%| F|  |TS  0|AC  0|TAMS 0x0000000088100000, 0x0000000088100000|
| 108|0x0000000088200000, 0x0000000088200000, 0x0000000088300000|  0%| F|  |TS  0|AC  0|TAMS 0x0000000088200000, 0x0000000088200000|
| 109|0x0000000088300000, 0x0000000088300000, 0x0000000088400000|  0%| F|  |TS  0|AC  0|TAMS 0x0000000088300000, 0x0000000088300000|
| 110|0x0000000088400000, 0x0000000088400000, 0x0000000088500000|  0%| F|  |TS  0|AC  0|TAMS 0x0000000088400000, 0x0000000088400000|
| 111|0x0000000088500000, 0x0000000088500000, 0x0000000088600000|  0%| F|  |TS  0|AC  0|TAMS 0x0000000088500000, 0x0000000088500000|
| 112|0x0000000088600000, 0x0000000088600000, 0x0000000088700000|  0%| F|  |TS  3|AC  0|TAMS 0x0000000088600000, 0x0000000088600000|
| 113|0x0000000088700000, 0x0000000088700000, 0x0000000088800000|  0%| F|  |TS  3|AC  0|TAMS 0x0000000088700000, 0x0000000088700000|
| 114|0x0000000088800000, 0x0000000088800000, 0x0000000088900000|  0%| F|  |TS  1|AC  0|TAMS 0x0000000088800000, 0x0000000088800000|
| 115|0x0000000088900000, 0x0000000088900000, 0x0000000088a00000|  0%| F|  |TS  1|AC  0|TAMS 0x0000000088900000, 0x0000000088900000|
| 116|0x0000000088a00000, 0x0000000088a00000, 0x0000000088b00000|  0%| F|  |TS  1|AC  0|TAMS 0x0000000088a00000, 0x0000000088a00000|
| 117|0x0000000088b00000, 0x0000000088b27220, 0x0000000088c00000| 15%| S|CS|TS  3|AC  0|TAMS 0x0000000088b00000, 0x0000000088b00000|
| 118|0x0000000088c00000, 0x0000000088d00000, 0x0000000088d00000|100%| S|CS|TS  3|AC  0|TAMS 0x0000000088c00000, 0x0000000088c00000|
| 119|0x0000000088d00000, 0x0000000088d00000, 0x0000000088e00000|  0%| F|  |TS  3|AC  0|TAMS 0x0000000088d00000, 0x0000000088d00000|
| 120|0x0000000088e00000, 0x0000000088e00000, 0x0000000088f00000|  0%| F|  |TS  3|AC  0|TAMS 0x0000000088e00000, 0x0000000088e00000|
| 121|0x0000000088f00000, 0x0000000088f00000, 0x0000000089000000|  0%| F|  |TS  3|AC  0|TAMS 0x0000000088f00000, 0x0000000088f00000|
| 122|0x0000000089000000, 0x0000000089000000, 0x0000000089100000|  0%| F|  |TS  3|AC  0|TAMS 0x0000000089000000, 0x0000000089000000|
| 123|0x0000000089100000, 0x00000000891286e8, 0x0000000089200000| 15%| E|  |TS  3|AC  0|TAMS 0x0000000089100000, 0x0000000089100000|
| 124|0x0000000089200000, 0x0000000089300000, 0x0000000089300000|100%| E|CS|TS  3|AC  0|TAMS 0x0000000089200000, 0x0000000089200000|
| 125|0x0000000089300000, 0x0000000089400000, 0x0000000089400000|100%| E|CS|TS  3|AC  0|TAMS 0x0000000089300000, 0x0000000089300000|
| 126|0x0000000089400000, 0x0000000089500000, 0x0000000089500000|100%| E|CS|TS  3|AC  0|TAMS 0x0000000089400000, 0x0000000089400000|
| 127|0x0000000089500000, 0x0000000089600000, 0x0000000089600000|100%| E|CS|TS  3|AC  0|TAMS 0x0000000089500000, 0x0000000089500000|

Card table byte_map: [0x000001ddc4b90000,0x000001ddc4f90000] byte_map_base: 0x000001ddc4785000

Marking Bits (Prev, Next): (CMBitMap*) 0x000001dda8b51dc0, (CMBitMap*) 0x000001dda8b51df8
 Prev Bits: [0x000001ddc5390000, 0x000001ddc7338000)
 Next Bits: [0x000001ddc7340000, 0x000001ddc92e8000)

Polling page: 0x000001dda89f0000

CodeHeap 'non-profiled nmethods': size=120064Kb used=701Kb max_used=701Kb free=119363Kb
 bounds [0x000001ddbc820000, 0x000001ddbca90000, 0x000001ddc3d60000]
CodeHeap 'profiled nmethods': size=120000Kb used=3354Kb max_used=3354Kb free=116645Kb
 bounds [0x000001ddb52f0000, 0x000001ddb5640000, 0x000001ddbc820000]
CodeHeap 'non-nmethods': size=5696Kb used=1370Kb max_used=1380Kb free=4326Kb
 bounds [0x000001ddb4d60000, 0x000001ddb4fd0000, 0x000001ddb52f0000]
 total_blobs=2662 nmethods=1731 adapters=515
 compilation: enabled

Compilation events (10 events):
Event: 1.730 Thread 0x000001ddcc1e7800 1728       3       sun.util.locale.LocaleUtils::toLower (17 bytes)
Event: 1.730 Thread 0x000001ddcc1e7800 nmethod 1728 0x000001ddb562fe10 code [0x000001ddb562ffc0, 0x000001ddb5630238]
Event: 1.737 Thread 0x000001ddcc1e7800 1729       3       java.lang.invoke.MethodHandles::dropArguments0 (113 bytes)
Event: 1.739 Thread 0x000001ddcc1e7800 nmethod 1729 0x000001ddb5630310 code [0x000001ddb5630600, 0x000001ddb56318e0]
Event: 1.739 Thread 0x000001ddcc1e7800 1730       3       java.lang.invoke.MethodHandles::dropArgumentChecks (95 bytes)
Event: 1.741 Thread 0x000001ddcc1e7800 nmethod 1730 0x000001ddb5632090 code [0x000001ddb56324e0, 0x000001ddb5634c10]
Event: 1.741 Thread 0x000001ddcc1e7800 1731       3       java.lang.invoke.MethodType::insertParameterTypes (10 bytes)
Event: 1.741 Thread 0x000001ddcc1e7800 nmethod 1731 0x000001ddb5635810 code [0x000001ddb5635a00, 0x000001ddb5635f20]
Event: 1.741 Thread 0x000001ddcc1e7800 1732       3       java.util.Arrays$ArrayList::toArray (47 bytes)
Event: 1.741 Thread 0x000001ddcc1e7800 nmethod 1732 0x000001ddb5636090 code [0x000001ddb5636280, 0x000001ddb56368e0]

GC Heap History (4 events):
Event: 1.029 GC heap before
{Heap before GC invocations=0 (full 0):
 garbage-first heap   total 131072K, used 15360K [0x0000000081600000, 0x0000000081700400, 0x0000000100000000)
  region size 1024K, 14 young (14336K), 0 survivors (0K)
 Metaspace       used 14222K, capacity 15288K, committed 15360K, reserved 1062912K
  class space    used 1534K, capacity 1761K, committed 1792K, reserved 1048576K
}
Event: 1.035 GC heap after
{Heap after GC invocations=1 (full 0):
 garbage-first heap   total 131072K, used 4157K [0x0000000081600000, 0x0000000081700400, 0x0000000100000000)
  region size 1024K, 2 young (2048K), 2 survivors (2048K)
 Metaspace       used 14222K, capacity 15288K, committed 15360K, reserved 1062912K
  class space    used 1534K, capacity 1761K, committed 1792K, reserved 1048576K
}
Event: 1.331 GC heap before
{Heap before GC invocations=1 (full 0):
 garbage-first heap   total 131072K, used 13373K [0x0000000081600000, 0x0000000081700400, 0x0000000100000000)
  region size 1024K, 11 young (11264K), 2 survivors (2048K)
 Metaspace       used 14446K, capacity 15482K, committed 15616K, reserved 1062912K
  class space    used 1537K, capacity 1763K, committed 1792K, reserved 1048576K
}
Event: 1.336 GC heap after
{Heap after GC invocations=2 (full 0):
 garbage-first heap   total 131072K, used 5330K [0x0000000081600000, 0x0000000081700400, 0x0000000100000000)
  region size 1024K, 2 young (2048K), 2 survivors (2048K)
 Metaspace       used 14446K, capacity 15482K, committed 15616K, reserved 1062912K
  class space    used 1537K, capacity 1763K, committed 1792K, reserved 1048576K
}

Deoptimization events (10 events):
Event: 1.512 Thread 0x000001dda8aaf800 Uncommon trap: reason=class_check action=maybe_recompile pc=0x000001ddbc8a3c44 method=java.util.HashMap.getNode(ILjava/lang/Object;)Ljava/util/HashMap$Node; @ 59 c2
Event: 1.531 Thread 0x000001dda8aaf800 Uncommon trap: reason=class_check action=maybe_recompile pc=0x000001ddbc8a3c44 method=java.util.HashMap.getNode(ILjava/lang/Object;)Ljava/util/HashMap$Node; @ 59 c2
Event: 1.531 Thread 0x000001dda8aaf800 Uncommon trap: reason=class_check action=maybe_recompile pc=0x000001ddbc8a3cdc method=java.util.HashMap.getNode(ILjava/lang/Object;)Ljava/util/HashMap$Node; @ 126 c2
Event: 1.531 Thread 0x000001dda8aaf800 Uncommon trap: reason=class_check action=maybe_recompile pc=0x000001ddbc8a3cdc method=java.util.HashMap.getNode(ILjava/lang/Object;)Ljava/util/HashMap$Node; @ 126 c2
Event: 1.531 Thread 0x000001dda8aaf800 Uncommon trap: reason=unstable_if action=reinterpret pc=0x000001ddbc82abac method=java.util.HashMap.hash(Ljava/lang/Object;)I @ 1 c2
Event: 1.596 Thread 0x000001ddcc87e000 Uncommon trap: reason=class_check action=maybe_recompile pc=0x000001ddbc8bedf0 method=java.util.HashMap.putVal(ILjava/lang/Object;Ljava/lang/Object;ZZ)Ljava/lang/Object; @ 91 c2
Event: 1.596 Thread 0x000001ddcc87e000 Uncommon trap: reason=class_check action=maybe_recompile pc=0x000001ddbc8bedf0 method=java.util.HashMap.putVal(ILjava/lang/Object;Ljava/lang/Object;ZZ)Ljava/lang/Object; @ 91 c2
Event: 1.619 Thread 0x000001dda8aaf800 Uncommon trap: reason=unstable_if action=reinterpret pc=0x000001ddbc89e58c method=java.lang.String.startsWith(Ljava/lang/String;I)Z @ 14 c2
Event: 1.695 Thread 0x000001ddcce50800 Uncommon trap: reason=unstable_if action=reinterpret pc=0x000001ddbc8b957c method=sun.nio.ch.Util$BufferCache.get(I)Ljava/nio/ByteBuffer; @ 25 c2
Event: 1.713 Thread 0x000001ddcce50800 Uncommon trap: reason=unstable_if action=reinterpret pc=0x000001ddbc8a4bcc method=java.lang.ThreadLocal$ThreadLocalMap.getEntry(Ljava/lang/ThreadLocal;)Ljava/lang/ThreadLocal$ThreadLocalMap$Entry; @ 21 c2

Classes redefined (0 events):
No events

Internal exceptions (10 events):
Event: 0.813 Thread 0x000001dda8aaf800 Exception <a 'java/lang/NoSuchMethodError'{0x0000000088a07740}: java.lang.invoke.DirectMethodHandle$Holder.invokeStatic(Ljava/lang/Object;Ljava/lang/Object;Ljava/lang/Object;Ljava/lang/Object;Ljava/lang/Object;Ljava/lang/Object;Ljava/lang/Object;Ljava/lan
Event: 0.815 Thread 0x000001dda8aaf800 Exception <a 'java/lang/NoSuchMethodError'{0x0000000088a28138}: java.lang.invoke.DirectMethodHandle$Holder.invokeStatic(Ljava/lang/Object;Ljava/lang/Object;Ljava/lang/Object;Ljava/lang/Object;Ljava/lang/Object;Ljava/lang/Object;Ljava/lang/Object;Ljava/lan
Event: 0.839 Thread 0x000001dda8aaf800 Exception <a 'java/lang/NoSuchMethodError'{0x0000000088aeeae8}: java.lang.invoke.DirectMethodHandle$Holder.invokeSpecial(Ljava/lang/Object;Ljava/lang/Object;IILjava/lang/Object;Ljava/lang/Object;Ljava/lang/Object;Ljava/lang/Object;)Ljava/lang/Object;> (0x
Event: 0.840 Thread 0x000001dda8aaf800 Exception <a 'java/lang/NoSuchMethodError'{0x0000000088af22f0}: java.lang.invoke.DelegatingMethodHandle$Holder.reinvoke_L(Ljava/lang/Object;IILjava/lang/Object;Ljava/lang/Object;Ljava/lang/Object;Ljava/lang/Object;)Ljava/lang/Object;> (0x0000000088af22f0)
Event: 0.843 Thread 0x000001dda8aaf800 Exception <a 'java/lang/NoSuchMethodError'{0x00000000889292e0}: java.lang.invoke.DirectMethodHandle$Holder.invokeStatic(Ljava/lang/Object;Ljava/lang/Object;Ljava/lang/Object;Ljava/lang/Object;Ljava/lang/Object;Ljava/lang/Object;Ljava/lang/Object;Ljava/lan
Event: 0.850 Thread 0x000001dda8aaf800 Exception <a 'java/lang/NoSuchMethodError'{0x0000000088945e50}: method resolution failed> (0x0000000088945e50) thrown at [t:/workspace/hotspot/src/share/vm/prims/methodHandles.cpp, line 1256]
Event: 0.852 Thread 0x000001dda8aaf800 Exception <a 'java/lang/NoSuchMethodError'{0x00000000889642e8}: method resolution failed> (0x00000000889642e8) thrown at [t:/workspace/hotspot/src/share/vm/prims/methodHandles.cpp, line 1256]
Event: 0.856 Thread 0x000001dda8aaf800 Exception <a 'java/lang/NoSuchMethodError'{0x0000000088983a28}: method resolution failed> (0x0000000088983a28) thrown at [t:/workspace/hotspot/src/share/vm/prims/methodHandles.cpp, line 1256]
Event: 1.531 Thread 0x000001dda8aaf800 Implicit null exception at 0x000001ddbc82ab2f to 0x000001ddbc82ab9d
Event: 1.713 Thread 0x000001ddcce50800 Implicit null exception at 0x000001ddbc8a4a2e to 0x000001ddbc8a4b9d

Events (10 events):
Event: 1.740 loading class java/awt/LightweightDispatcher$1
Event: 1.740 loading class java/awt/LightweightDispatcher$1 done
Event: 1.741 loading class java/awt/event/AWTEventListenerProxy
Event: 1.741 loading class java/awt/event/AWTEventListenerProxy done
Event: 1.741 loading class java/awt/Toolkit$SelectiveAWTEventListener
Event: 1.741 loading class java/awt/Toolkit$SelectiveAWTEventListener done
Event: 1.741 loading class java/awt/Toolkit$ToolkitEventMulticaster
Event: 1.741 loading class java/awt/Toolkit$ToolkitEventMulticaster done
Event: 1.741 loading class java/awt/event/MouseWheelEvent
Event: 1.741 loading class java/awt/event/MouseWheelEvent done


Dynamic libraries:
0x00007ff775cd0000 - 0x00007ff775d0e000 	C:\Program Files\Java\jdk-9.0.4\bin\javaw.exe
0x00007ffd6b260000 - 0x00007ffd6b441000 	C:\WINDOWS\SYSTEM32\ntdll.dll
0x00007ffd69290000 - 0x00007ffd69341000 	C:\WINDOWS\System32\KERNEL32.DLL
0x00007ffd67fe0000 - 0x00007ffd68253000 	C:\WINDOWS\System32\KERNELBASE.dll
0x00007ffd69090000 - 0x00007ffd69131000 	C:\WINDOWS\System32\ADVAPI32.dll
0x00007ffd691f0000 - 0x00007ffd6928e000 	C:\WINDOWS\System32\msvcrt.dll
0x00007ffd69350000 - 0x00007ffd693ab000 	C:\WINDOWS\System32\sechost.dll
0x00007ffd68da0000 - 0x00007ffd68ec4000 	C:\WINDOWS\System32\RPCRT4.dll
0x00007ffd69550000 - 0x00007ffd696e0000 	C:\WINDOWS\System32\USER32.dll
0x00007ffd68260000 - 0x00007ffd68280000 	C:\WINDOWS\System32\win32u.dll
0x00007ffd696f0000 - 0x00007ffd69718000 	C:\WINDOWS\System32\GDI32.dll
0x00007ffd67e40000 - 0x00007ffd67fd2000 	C:\WINDOWS\System32\gdi32full.dll
0x00007ffd67d40000 - 0x00007ffd67ddf000 	C:\WINDOWS\System32\msvcp_win.dll
0x00007ffd685f0000 - 0x00007ffd686e8000 	C:\WINDOWS\System32\ucrtbase.dll
0x00007ffd4fcc0000 - 0x00007ffd4ff29000 	C:\WINDOWS\WinSxS\amd64_microsoft.windows.common-controls_6595b64144ccf1df_6.0.17134.706_none_fb43a2cb30647007\COMCTL32.dll
0x00007ffd69890000 - 0x00007ffd69bb2000 	C:\WINDOWS\System32\combase.dll
0x00007ffd68570000 - 0x00007ffd685ea000 	C:\WINDOWS\System32\bcryptPrimitives.dll
0x00007ffd5d3f0000 - 0x00007ffd5d3fa000 	C:\WINDOWS\SYSTEM32\VERSION.dll
0x00007ffd6b200000 - 0x00007ffd6b22d000 	C:\WINDOWS\System32\IMM32.DLL
0x00007ffd43e90000 - 0x00007ffd43f7f000 	C:\Program Files\Java\jdk-9.0.4\bin\msvcr120.dll
0x00007ffd45b20000 - 0x00007ffd45bc6000 	C:\Program Files\Java\jdk-9.0.4\bin\msvcp120.dll
0x0000000063e80000 - 0x00000000648a5000 	C:\Program Files\Java\jdk-9.0.4\bin\server\jvm.dll
0x00007ffd693b0000 - 0x00007ffd693b8000 	C:\WINDOWS\System32\PSAPI.DLL
0x00007ffd4f670000 - 0x00007ffd4f679000 	C:\WINDOWS\SYSTEM32\WSOCK32.dll
0x00007ffd69720000 - 0x00007ffd6978c000 	C:\WINDOWS\System32\WS2_32.dll
0x00007ffd65430000 - 0x00007ffd65453000 	C:\WINDOWS\SYSTEM32\WINMM.dll
0x00007ffd652f0000 - 0x00007ffd6531a000 	C:\WINDOWS\SYSTEM32\WINMMBASE.dll
0x00007ffd68470000 - 0x00007ffd684b9000 	C:\WINDOWS\System32\cfgmgr32.dll
0x00007ffd654a0000 - 0x00007ffd654af000 	C:\Program Files\Java\jdk-9.0.4\bin\verify.dll
0x00007ffd5d5c0000 - 0x00007ffd5d5e7000 	C:\Program Files\Java\jdk-9.0.4\bin\java.dll
0x00007ffd514b0000 - 0x00007ffd514e6000 	C:\Program Files\Java\jdk-9.0.4\bin\jdwp.dll
0x00007ffd5e720000 - 0x00007ffd5e736000 	C:\Program Files\Java\jdk-9.0.4\bin\zip.dll
0x00007ffd63580000 - 0x00007ffd6358a000 	C:\Program Files\Java\jdk-9.0.4\bin\jimage.dll
0x00007ffd69dc0000 - 0x00007ffd6b200000 	C:\WINDOWS\System32\SHELL32.dll
0x00007ffd69140000 - 0x00007ffd691e9000 	C:\WINDOWS\System32\shcore.dll
0x00007ffd67630000 - 0x00007ffd67d3d000 	C:\WINDOWS\System32\windows.storage.dll
0x00007ffd68d40000 - 0x00007ffd68d91000 	C:\WINDOWS\System32\shlwapi.dll
0x00007ffd67610000 - 0x00007ffd67621000 	C:\WINDOWS\System32\kernel.appcore.dll
0x00007ffd675c0000 - 0x00007ffd675df000 	C:\WINDOWS\System32\profapi.dll
0x00007ffd67570000 - 0x00007ffd675bc000 	C:\WINDOWS\System32\powrprof.dll
0x00007ffd675e0000 - 0x00007ffd675ea000 	C:\WINDOWS\System32\FLTLIB.DLL
0x00007ffd59e60000 - 0x00007ffd59e7a000 	C:\Program Files\Java\jdk-9.0.4\bin\net.dll
0x00007ffd5c010000 - 0x00007ffd5c0ed000 	C:\WINDOWS\SYSTEM32\WINHTTP.dll
0x00007ffd66df0000 - 0x00007ffd66e56000 	C:\WINDOWS\system32\mswsock.dll
0x00007ffd57690000 - 0x00007ffd576a1000 	C:\Program Files\Java\jdk-9.0.4\bin\nio.dll
0x00007ffd5f390000 - 0x00007ffd5f39a000 	C:\Program Files\Java\jdk-9.0.4\bin\dt_socket.dll
0x00007ffd66bb0000 - 0x00007ffd66c6e000 	C:\WINDOWS\SYSTEM32\DNSAPI.dll
0x00007ffd69540000 - 0x00007ffd69548000 	C:\WINDOWS\System32\NSI.dll
0x00007ffd66b70000 - 0x00007ffd66ba8000 	C:\WINDOWS\SYSTEM32\IPHLPAPI.DLL
0x00007ffd5bf90000 - 0x00007ffd5c002000 	C:\WINDOWS\System32\fwpuclnt.dll
0x00007ffd670d0000 - 0x00007ffd670f5000 	C:\WINDOWS\SYSTEM32\bcrypt.dll
0x00007ffd5bc40000 - 0x00007ffd5bc4a000 	C:\Windows\System32\rasadhlp.dll
0x00007ffd3ac70000 - 0x00007ffd3ae09000 	C:\Program Files\Java\jdk-9.0.4\bin\awt.dll
0x00007ffd68fc0000 - 0x00007ffd69082000 	C:\WINDOWS\System32\OLEAUT32.dll
0x00007ffd63f10000 - 0x00007ffd644d7000 	C:\WINDOWS\SYSTEM32\d2d1.dll
0x00007ffd65550000 - 0x00007ffd655db000 	C:\WINDOWS\SYSTEM32\apphelp.dll
0x00007ffd65930000 - 0x00007ffd65959000 	C:\WINDOWS\system32\DWMAPI.DLL
0x00007ffd65850000 - 0x00007ffd658e8000 	C:\WINDOWS\system32\uxtheme.dll
0x00007ffd5e7c0000 - 0x00007ffd5e8e0000 	C:\WINDOWS\system32\opengl32.dll
0x00007ffd5e750000 - 0x00007ffd5e77c000 	C:\WINDOWS\SYSTEM32\GLU32.dll
0x00007ffd693c0000 - 0x00007ffd69533000 	C:\WINDOWS\System32\MSCTF.dll
0x00007ffd68be0000 - 0x00007ffd68d31000 	C:\WINDOWS\System32\ole32.dll
0x00007ffd4eb60000 - 0x00007ffd4eb8b000 	C:\Program Files\Java\jdk-9.0.4\bin\javajpeg.dll
0x00007ffd43df0000 - 0x00007ffd43e8d000 	C:\Program Files\Java\jdk-9.0.4\bin\fontmanager.dll
0x00007ffd4ea50000 - 0x00007ffd4ea92000 	C:\Program Files\Java\jdk-9.0.4\bin\t2k.dll
0x00007ffd68b40000 - 0x00007ffd68be0000 	C:\WINDOWS\System32\clbcatq.dll
0x00007ffd63270000 - 0x00007ffd6341e000 	C:\WINDOWS\SYSTEM32\WindowsCodecs.dll
0x00007ffd55740000 - 0x00007ffd55798000 	C:\WINDOWS\system32\dataexchange.dll
0x00007ffd644e0000 - 0x00007ffd647eb000 	C:\WINDOWS\system32\d3d11.dll
0x00007ffd64d30000 - 0x00007ffd64ecc000 	C:\WINDOWS\system32\dcomp.dll
0x00007ffd66330000 - 0x00007ffd663eb000 	C:\WINDOWS\system32\dxgi.dll
0x00007ffd65a70000 - 0x00007ffd65c28000 	C:\WINDOWS\system32\twinapi.appcore.dll
0x00007ffd65a10000 - 0x00007ffd65a39000 	C:\WINDOWS\system32\RMCLIENT.dll
0x00007ffd5eb10000 - 0x00007ffd5eba6000 	C:\WINDOWS\System32\TextInputFramework.dll
0x00007ffd627c0000 - 0x00007ffd62ade000 	C:\WINDOWS\System32\CoreUIComponents.dll
0x00007ffd64ed0000 - 0x00007ffd64faa000 	C:\WINDOWS\System32\CoreMessaging.dll
0x00007ffd66690000 - 0x00007ffd666c1000 	C:\WINDOWS\SYSTEM32\ntmarta.dll
0x00007ffd62ae0000 - 0x00007ffd62c2d000 	C:\WINDOWS\SYSTEM32\wintypes.dll
0x00007ffd43a20000 - 0x00007ffd43af1000 	C:\Windows\System32\IME\IMEKR\imkrtip.dll
0x00007ffd63af0000 - 0x00007ffd63ca4000 	C:\WINDOWS\SYSTEM32\PROPSYS.dll
0x00007ffd42070000 - 0x00007ffd421c6000 	C:\Windows\System32\IME\shared\imetip.dll
0x00007ffd59490000 - 0x00007ffd594fb000 	C:\WINDOWS\SYSTEM32\OLEACC.dll
0x00007ffd3f0c0000 - 0x00007ffd3f26b000 	C:\WINDOWS\SYSTEM32\DUI70.dll
0x00007ffd44c20000 - 0x00007ffd44c5d000 	C:\Windows\System32\IME\IMEKR\imkrapi.dll
0x00007ffd44170000 - 0x00007ffd441b0000 	C:\Windows\System32\IME\shared\imjkapi.dll

VM Arguments:
jvm_args: -agentlib:jdwp=transport=dt_socket,suspend=y,address=localhost:13116 -Dfile.encoding=MS949 
java_command: jCompanyCafe.MainFrame
java_class_path (initial): C:\Users\SAMSUNG\eclipse-workspace\FinalTest\bin;C:\Users\SAMSUNG\Desktop\mysql-connector-java-8.0.16.jar
Launcher Type: SUN_STANDARD

Logging:
Log output configuration:
#0: stdout all=warning uptime,level,tags
#1: stderr all=off uptime,level,tags

Environment Variables:
CLASSPATH=C:\Program Files\Java\jdk-9.0.4\lib;
PATH=C:/Program Files/Java/jdk-9.0.4/bin/server;C:/Program Files/Java/jdk-9.0.4/bin;C:\oraclexe\app\oracle\product\11.2.0\server\bin;;C:\Program Files\Java\jdk-9.0.4\bin;C:\Program Files (x86)\Intel\iCLS Client\;C:\Program Files\Intel\iCLS Client\;C:\WINDOWS\system32;C:\WINDOWS;C:\WINDOWS\System32\Wbem;C:\WINDOWS\System32\WindowsPowerShell\v1.0\;C:\Program Files (x86)\Intel\Intel(R) Management Engine Components\DAL;C:\Program Files\Intel\Intel(R) Management Engine Components\DAL;C:\Program Files (x86)\Intel\Intel(R) Management Engine Components\IPT;C:\Program Files\Intel\Intel(R) Management Engine Components\IPT;C:\Program Files (x86)\Windows Live\Shared;C:\Program Files (x86)\Windows Kits\10\Windows Performance Toolkit\;C:\WINDOWS\System32\OpenSSH\;C:\Program Files\Intel\WiFi\bin\;C:\Program Files\Common Files\Intel\WirelessCommon\;C:\Users\SAMSUNG\AppData\Local\Microsoft\WindowsApps;C:\Program Files\Intel\WiFi\bin\;C:\Program Files\Common Files\Intel\WirelessCommon\;;C:\eclipse-jee-oxygen-3a-win32-x86_64\eclipse;
USERNAME=SAMSUNG
OS=Windows_NT
PROCESSOR_IDENTIFIER=Intel64 Family 6 Model 142 Stepping 9, GenuineIntel



---------------  S Y S T E M  ---------------

OS: Windows 10 , 64 bit Build 17134 (10.0.17134.706)

CPU:total 4 (initial active 4) (2 cores per cpu, 2 threads per core) family 6 model 142 stepping 9, cmov, cx8, fxsr, mmx, sse, sse2, sse3, ssse3, sse4.1, sse4.2, popcnt, avx, avx2, aes, clmul, erms, 3dnowpref, lzcnt, ht, tsc, tscinvbit, bmi1, bmi2, adx, fma

Memory: 4k page, physical 8298224k(3832632k free), swap 13757372k(5192k free)

vm_info: Java HotSpot(TM) 64-Bit Server VM (9.0.4+11) for windows-amd64 JRE (9.0.4+11), built on Dec 20 2017 02:18:54 by "mach5one" with MS VC++ 12.0 (VS2013)

END.
