#
# There is insufficient memory for the Java Runtime Environment to continue.
# Native memory allocation (mmap) failed to map 134217728 bytes for Failed to commit area from 0x0000000081600000 to 0x0000000089600000 of length 134217728.
# Possible reasons:
#   The system is out of physical RAM or swap space
#   The process is running with CompressedOops enabled, and the Java Heap may be blocking the growth of the native heap
# Possible solutions:
#   Reduce memory load on the system
#   Increase physical memory or swap space
#   Check if swap backing store is full
#   Decrease Java heap size (-Xmx/-Xms)
#   Decrease number of Java threads
#   Decrease Java thread stack sizes (-Xss)
#   Set larger code cache with -XX:ReservedCodeCacheSize=
# This output file may be truncated or incomplete.
#
#  Out of Memory Error (t:/workspace/hotspot/src/os/windows/vm/os_windows.cpp:3357), pid=12364, tid=22512
#
# JRE version:  (9.0+11) (build )
# Java VM: Java HotSpot(TM) 64-Bit Server VM (9.0.4+11, mixed mode, tiered, compressed oops, g1 gc, windows-amd64)
# No core dump will be written. Minidumps are not enabled by default on client versions of Windows
#

---------------  S U M M A R Y ------------

Command Line: -agentlib:jdwp=transport=dt_socket,suspend=y,address=localhost:13158 -Dfile.encoding=MS949 jCompanyCafe.MainFrame

Host: Intel(R) Core(TM) i5-7200U CPU @ 2.50GHz, 4 cores, 7G,  Windows 10 , 64 bit Build 17134 (10.0.17134.706)
Time: Mon Jun 10 20:35:33 2019 ¢¥eCN©öI¡¾©ö C¡ÍA¨ª¨öA elapsed time: 0 seconds (0d 0h 0m 0s)

---------------  T H R E A D  ---------------

Current thread (0x00000196f9d41000):  JavaThread "Unknown thread" [_thread_in_vm, id=22512, stack(0x0000007441100000,0x0000007441200000)]

Stack: [0x0000007441100000,0x0000007441200000]
Native frames: (J=compiled Java code, j=interpreted, Vv=VM code, C=native code)
V  [jvm.dll+0x587068]
V  [jvm.dll+0x69c25e]
V  [jvm.dll+0x69d17a]
V  [jvm.dll+0x69d7b3]
V  [jvm.dll+0x21d198]
V  [jvm.dll+0x584bb4]
V  [jvm.dll+0x57a095]
V  [jvm.dll+0x2cd67b]
V  [jvm.dll+0x2cd5e3]
V  [jvm.dll+0x2cd4b2]
V  [jvm.dll+0x2cf4b3]
V  [jvm.dll+0x3191e3]
V  [jvm.dll+0x3198f6]
V  [jvm.dll+0x3192e3]
V  [jvm.dll+0x2adeb8]
V  [jvm.dll+0x2af0e7]
V  [jvm.dll+0x67b34d]
V  [jvm.dll+0x67c70c]
V  [jvm.dll+0x3269c9]
V  [jvm.dll+0x66555e]
V  [jvm.dll+0x391811]
V  [jvm.dll+0x3937c1]
C  [javaw.exe+0x3501]
C  [javaw.exe+0xe25f]
C  [javaw.exe+0xe406]
C  [KERNEL32.DLL+0x14034]
C  [ntdll.dll+0x73691]


---------------  P R O C E S S  ---------------

Java Threads: ( => current thread )

Other Threads:
  0x00000196f9d57000 GCTaskThread "GC Thread#0" [stack: 0x0000007441200000,0x0000007441300000] [id=19524]
  0x00000196f9d58800 GCTaskThread "GC Thread#1" [stack: 0x0000007441300000,0x0000007441400000] [id=21980]
  0x00000196f9d5a800 GCTaskThread "GC Thread#2" [stack: 0x0000007441400000,0x0000007441500000] [id=6900]
  0x00000196f9d5c000 GCTaskThread "GC Thread#3" [stack: 0x0000007441500000,0x0000007441600000] [id=6864]
  0x00000196f9dd1000 ConcurrentGCThread "G1 Main Marker" [stack: 0x0000007441b00000,0x0000007441c00000] [id=20620]
  0x00000196f9dd6800 ConcurrentGCThread "G1 Marker#0" [stack: 0x0000007441c00000,0x0000007441d00000] [id=18152]
  0x00000196f9d67000 ConcurrentGCThread "G1 Refine#0" [stack: 0x0000007441900000,0x0000007441a00000] [id=5888]
  0x00000196f9d65000 ConcurrentGCThread "G1 Refine#1" [stack: 0x0000007441800000,0x0000007441900000] [id=13712]
  0x00000196f9d62800 ConcurrentGCThread "G1 Refine#2" [stack: 0x0000007441700000,0x0000007441800000] [id=4212]
  0x00000196f9d60800 ConcurrentGCThread "G1 Refine#3" [stack: 0x0000007441600000,0x0000007441700000] [id=2628]
  0x00000196f9d6a000 ConcurrentGCThread "G1 Young RemSet Sampling" [stack: 0x0000007441a00000,0x0000007441b00000] [id=8628]

=>0x00000196f9d41000 (exited) JavaThread "Unknown thread" [_thread_in_vm, id=22512, stack(0x0000007441100000,0x0000007441200000)]

Threads with active compile tasks:

VM state:not at safepoint (not fully initialized)

VM Mutex/Monitor currently owned by a thread:  ([mutex/lock_event])
[0x00000196f9d3efb0] Heap_lock - owner thread: 0x00000196f9d41000

Heap address: 0x0000000081600000, size: 2026 MB, Compressed Oops mode: Non-zero based: 0x0000000081600000
Narrow klass base: 0x0000000000000000, Narrow klass shift: 0

GC Heap History (0 events):
No events

Deoptimization events (0 events):
No events

Classes redefined (0 events):
No events

Internal exceptions (0 events):
No events

Events (0 events):
No events


Dynamic libraries:
0x00007ff775cd0000 - 0x00007ff775d0e000 	C:\Program Files\Java\jdk-9.0.4\bin\javaw.exe
0x00007ffd6b260000 - 0x00007ffd6b441000 	C:\WINDOWS\SYSTEM32\ntdll.dll
0x00007ffd69290000 - 0x00007ffd69341000 	C:\WINDOWS\System32\KERNEL32.DLL
0x00007ffd67fe0000 - 0x00007ffd68253000 	C:\WINDOWS\System32\KERNELBASE.dll
0x00007ffd69090000 - 0x00007ffd69131000 	C:\WINDOWS\System32\ADVAPI32.dll
0x00007ffd691f0000 - 0x00007ffd6928e000 	C:\WINDOWS\System32\msvcrt.dll
0x00007ffd69350000 - 0x00007ffd693ab000 	C:\WINDOWS\System32\sechost.dll
0x00007ffd68da0000 - 0x00007ffd68ec4000 	C:\WINDOWS\System32\RPCRT4.dll
0x00007ffd69550000 - 0x00007ffd696e0000 	C:\WINDOWS\System32\USER32.dll
0x00007ffd68260000 - 0x00007ffd68280000 	C:\WINDOWS\System32\win32u.dll
0x00007ffd696f0000 - 0x00007ffd69718000 	C:\WINDOWS\System32\GDI32.dll
0x00007ffd67e40000 - 0x00007ffd67fd2000 	C:\WINDOWS\System32\gdi32full.dll
0x00007ffd67d40000 - 0x00007ffd67ddf000 	C:\WINDOWS\System32\msvcp_win.dll
0x00007ffd685f0000 - 0x00007ffd686e8000 	C:\WINDOWS\System32\ucrtbase.dll
0x00007ffd4fcc0000 - 0x00007ffd4ff29000 	C:\WINDOWS\WinSxS\amd64_microsoft.windows.common-controls_6595b64144ccf1df_6.0.17134.706_none_fb43a2cb30647007\COMCTL32.dll
0x00007ffd69890000 - 0x00007ffd69bb2000 	C:\WINDOWS\System32\combase.dll
0x00007ffd68570000 - 0x00007ffd685ea000 	C:\WINDOWS\System32\bcryptPrimitives.dll
0x00007ffd5d3f0000 - 0x00007ffd5d3fa000 	C:\WINDOWS\SYSTEM32\VERSION.dll
0x00007ffd6b200000 - 0x00007ffd6b22d000 	C:\WINDOWS\System32\IMM32.DLL
0x00007ffd39db0000 - 0x00007ffd39e9f000 	C:\Program Files\Java\jdk-9.0.4\bin\msvcr120.dll
0x00007ffd3e290000 - 0x00007ffd3e336000 	C:\Program Files\Java\jdk-9.0.4\bin\msvcp120.dll
0x0000000063e80000 - 0x00000000648a5000 	C:\Program Files\Java\jdk-9.0.4\bin\server\jvm.dll
0x00007ffd693b0000 - 0x00007ffd693b8000 	C:\WINDOWS\System32\PSAPI.DLL
0x00007ffd4f670000 - 0x00007ffd4f679000 	C:\WINDOWS\SYSTEM32\WSOCK32.dll
0x00007ffd69720000 - 0x00007ffd6978c000 	C:\WINDOWS\System32\WS2_32.dll
0x00007ffd65430000 - 0x00007ffd65453000 	C:\WINDOWS\SYSTEM32\WINMM.dll
0x00007ffd652f0000 - 0x00007ffd6531a000 	C:\WINDOWS\SYSTEM32\WINMMBASE.dll
0x00007ffd68470000 - 0x00007ffd684b9000 	C:\WINDOWS\System32\cfgmgr32.dll
0x00007ffd63580000 - 0x00007ffd6358f000 	C:\Program Files\Java\jdk-9.0.4\bin\verify.dll
0x00007ffd5d5c0000 - 0x00007ffd5d5e7000 	C:\Program Files\Java\jdk-9.0.4\bin\java.dll
0x00007ffd4e920000 - 0x00007ffd4e956000 	C:\Program Files\Java\jdk-9.0.4\bin\jdwp.dll
0x00007ffd59e60000 - 0x00007ffd59e76000 	C:\Program Files\Java\jdk-9.0.4\bin\zip.dll
0x00007ffd61320000 - 0x00007ffd6132a000 	C:\Program Files\Java\jdk-9.0.4\bin\jimage.dll
0x00007ffd65f80000 - 0x00007ffd66149000 	C:\WINDOWS\SYSTEM32\dbghelp.dll

VM Arguments:
jvm_args: -agentlib:jdwp=transport=dt_socket,suspend=y,address=localhost:13158 -Dfile.encoding=MS949 
java_command: jCompanyCafe.MainFrame
java_class_path (initial): C:\Users\SAMSUNG\eclipse-workspace\FinalTest\bin;C:\Users\SAMSUNG\Desktop\mysql-connector-java-8.0.16.jar
Launcher Type: SUN_STANDARD

Logging:
Log output configuration:
#0: stdout all=warning uptime,level,tags
#1: stderr all=off uptime,level,tags

Environment Variables:
CLASSPATH=C:\Program Files\Java\jdk-9.0.4\lib;
PATH=C:/Program Files/Java/jdk-9.0.4/bin/server;C:/Program Files/Java/jdk-9.0.4/bin;C:\oraclexe\app\oracle\product\11.2.0\server\bin;;C:\Program Files\Java\jdk-9.0.4\bin;C:\Program Files (x86)\Intel\iCLS Client\;C:\Program Files\Intel\iCLS Client\;C:\WINDOWS\system32;C:\WINDOWS;C:\WINDOWS\System32\Wbem;C:\WINDOWS\System32\WindowsPowerShell\v1.0\;C:\Program Files (x86)\Intel\Intel(R) Management Engine Components\DAL;C:\Program Files\Intel\Intel(R) Management Engine Components\DAL;C:\Program Files (x86)\Intel\Intel(R) Management Engine Components\IPT;C:\Program Files\Intel\Intel(R) Management Engine Components\IPT;C:\Program Files (x86)\Windows Live\Shared;C:\Program Files (x86)\Windows Kits\10\Windows Performance Toolkit\;C:\WINDOWS\System32\OpenSSH\;C:\Program Files\Intel\WiFi\bin\;C:\Program Files\Common Files\Intel\WirelessCommon\;C:\Users\SAMSUNG\AppData\Local\Microsoft\WindowsApps;C:\Program Files\Intel\WiFi\bin\;C:\Program Files\Common Files\Intel\WirelessCommon\;;C:\eclipse-jee-oxygen-3a-win32-x86_64\eclipse;
USERNAME=SAMSUNG
OS=Windows_NT
PROCESSOR_IDENTIFIER=Intel64 Family 6 Model 142 Stepping 9, GenuineIntel



---------------  S Y S T E M  ---------------

OS: Windows 10 , 64 bit Build 17134 (10.0.17134.706)

CPU:total 4 (initial active 4) (2 cores per cpu, 2 threads per core) family 6 model 142 stepping 9, cmov, cx8, fxsr, mmx, sse, sse2, sse3, ssse3, sse4.1, sse4.2, popcnt, avx, avx2, aes, clmul, erms, 3dnowpref, lzcnt, ht, tsc, tscinvbit, bmi1, bmi2, adx, fma

Memory: 4k page, physical 8298224k(3776144k free), swap 13757372k(128316k free)

vm_info: Java HotSpot(TM) 64-Bit Server VM (9.0.4+11) for windows-amd64 JRE (9.0.4+11), built on Dec 20 2017 02:18:54 by "mach5one" with MS VC++ 12.0 (VS2013)

END.
